2	N	159
2	J	161
1	W	162
2	J	162
1	J	162
2	R	162
2	W	162
2	J	163
2	J	163
1	J	163
2	J	163
2	J	164
1	J	164
2	J	189
2	J	189
1	J	189
2	J	211
2	J	212
1	J	212
3	N	223
3	J	226
2	E	239
3	J	242
2	J	242
1	J	242
3	R	242
3	J	243
3	J	243
2	J	243
1	J	243
3	W	265
3	J	265
2	J	265
1	J	266
1	R	266
3	J	266
1	J	266
4	N	266
4	J	268
1	W	268
3	J	269
4	J	269
1	J	269
4	R	269
4	J	298
3	J	298
4	J	298
1	J	298
4	J	309
3	J	310
4	J	310
1	J	310
4	J	310
3	J	310
4	J	311
1	J	311
4	J	311
3	J	311
4	J	312
1	J	312
4	J	330
3	J	330
4	J	330
1	J	330
4	J	337
3	J	337
4	J	337
1	J	337
4	J	340
3	J	341
4	J	341
1	J	341
5	N	394
5	J	398
4	W	399
5	J	399
3	J	399
4	J	399
1	J	399
5	R	400
4	J	407
5	E	407
5	J	410
3	J	410
4	J	410
1	J	410
4	R	410
3	J	411
4	J	411
1	J	411
4	J	417
3	J	417
4	J	417
1	J	417
4	W	431
3	J	432
4	J	432
1	J	432
3	J	432
4	J	432
1	J	432
3	J	433
4	J	433
1	J	433
3	J	433
4	J	433
1	J	433
3	J	433
4	J	434
1	J	434
3	J	434
4	J	434
1	J	434
3	J	434
4	J	434
1	J	435
3	J	435
4	J	435
1	J	435
3	J	435
4	J	435
1	J	435
3	J	436
4	J	436
1	J	436
3	J	436
4	J	436
1	J	436
3	J	436
4	J	437
1	J	437
3	J	437
4	J	438
1	J	438
3	J	438
4	J	438
1	J	438
3	J	438
4	J	438
1	J	439
3	J	439
4	J	439
1	J	439
3	J	439
4	J	439
1	J	439
3	J	440
4	J	440
1	J	440
3	J	440
4	J	440
1	J	440
3	J	440
4	J	441
1	J	441
3	J	441
4	J	441
1	J	441
3	J	441
4	J	441
1	J	442
3	J	442
4	J	442
1	J	442
3	J	442
4	J	442
1	J	442
3	J	443
4	J	443
1	J	443
3	J	443
4	J	443
1	J	443
3	J	444
4	J	444
1	J	444
3	J	444
4	J	444
1	J	444
3	J	444
4	J	445
1	J	445
3	J	445
4	J	445
1	J	445
3	J	445
4	J	445
1	J	446
3	J	446
4	J	446
1	J	446
3	J	446
4	J	446
1	J	446
3	J	447
4	J	447
1	J	447
3	J	447
4	J	447
1	J	447
3	J	448
4	J	448
1	J	448
3	J	448
4	J	448
1	J	448
3	J	448
4	J	449
1	J	449
3	J	449
4	J	449
1	J	449
3	J	449
4	J	449
1	J	450
3	J	450
4	J	450
1	J	450
3	J	450
4	J	450
1	J	450
3	J	451
4	J	451
1	J	451
3	J	451
4	J	451
1	J	451
3	J	452
4	J	452
1	J	452
3	J	452
4	J	452
1	J	452
3	J	452
4	J	453
1	J	453
3	J	453
4	J	453
1	J	453
3	J	453
4	J	453
1	J	454
3	J	454
4	J	454
1	J	454
3	J	454
4	J	454
1	J	454
3	J	455
4	J	455
1	J	455
3	J	455
4	J	455
1	J	455
3	J	455
4	J	456
1	J	456
3	J	456
4	J	457
1	J	457
3	J	457
4	J	457
1	J	457
3	J	457
4	J	457
1	J	458
3	J	458
4	J	458
1	J	458
3	J	458
4	J	458
1	J	458
3	J	459
4	J	459
1	J	459
3	J	459
4	J	459
1	J	459
3	J	459
4	J	460
1	J	460
3	J	460
4	J	460
1	J	460
3	J	460
4	J	460
1	J	461
3	J	461
4	J	461
1	J	461
3	J	461
4	J	461
1	J	461
3	J	462
4	J	462
1	J	462
3	J	462
4	J	462
1	J	462
3	J	463
4	J	463
1	J	463
3	J	463
4	J	463
1	J	463
3	J	463
4	J	464
1	J	464
3	J	464
4	J	464
1	J	464
3	J	464
4	J	464
1	J	465
3	J	465
4	J	465
1	J	465
3	J	465
4	J	465
1	J	465
3	J	466
4	J	466
1	J	466
3	J	466
4	J	466
1	J	466
3	J	467
4	J	467
1	J	467
3	J	467
4	J	467
1	J	467
3	J	467
4	J	468
1	J	468
3	J	468
4	J	468
1	J	468
3	J	468
4	J	468
1	J	469
3	J	469
4	J	469
1	J	469
3	J	469
4	J	469
1	J	469
3	J	470
4	J	470
1	J	470
3	J	470
4	J	470
1	J	470
3	J	471
4	J	471
1	J	471
3	J	471
4	J	471
1	J	471
3	J	471
4	J	471
1	J	472
3	J	472
4	J	472
1	J	472
3	J	472
4	J	472
1	J	472
3	J	473
4	J	473
1	J	473
3	J	473
4	J	473
1	J	473
3	J	474
4	J	474
1	J	474
3	J	474
4	J	474
1	J	474
3	J	474
4	J	475
1	J	475
3	J	475
4	J	475
1	J	476
3	J	476
4	J	476
1	J	476
3	J	476
4	J	476
1	J	477
3	J	477
4	J	477
1	J	477
3	J	477
4	J	477
1	J	477
3	J	478
4	J	478
1	J	478
3	J	478
4	J	478
1	J	478
3	J	478
4	J	479
1	J	479
3	J	479
4	J	479
1	J	479
3	J	479
4	J	479
1	J	480
3	J	480
4	J	480
1	J	480
3	J	480
4	J	480
1	J	480
3	J	481
4	J	481
1	J	481
3	J	481
4	J	481
1	J	481
3	J	482
4	J	482
1	J	482
3	J	482
4	J	482
1	J	482
3	J	482
4	J	483
1	J	483
3	J	483
4	J	483
1	J	483
3	J	483
4	J	483
1	J	484
3	J	484
4	J	484
1	J	484
3	J	484
4	J	484
1	J	484
3	J	485
4	J	485
1	J	485
3	J	485
4	J	485
1	J	485
3	J	486
4	J	486
1	J	486
3	J	486
4	J	486
1	J	486
3	J	486
4	J	487
1	J	487
3	J	487
4	J	487
1	J	487
3	J	487
4	J	487
1	J	488
3	J	488
4	J	488
1	J	488
3	J	488
4	J	488
1	J	488
3	J	489
4	J	489
1	J	489
3	J	489
4	J	489
1	J	489
3	J	489
4	J	490
1	J	490
3	J	490
4	J	490
1	J	490
3	J	490
4	J	490
1	J	491
3	J	491
4	J	491
1	J	491
3	J	491
4	J	491
1	J	491
3	J	492
4	J	492
1	J	492
3	J	492
4	J	492
1	J	492
3	J	493
4	J	493
1	J	493
3	J	493
4	J	493
1	J	493
3	J	493
4	J	494
1	J	494
3	J	494
4	J	494
1	J	494
3	J	494
4	J	495
1	J	495
3	J	495
4	J	495
1	J	495
3	J	496
4	J	496
1	J	496
3	J	496
4	J	496
1	J	496
3	J	497
4	J	497
1	J	497
3	J	497
4	J	497
1	J	497
3	J	497
4	J	498
1	J	498
3	J	498
4	J	498
1	J	498
3	J	498
4	J	498
1	J	499
3	J	499
4	J	499
1	J	499
3	J	499
4	J	499
1	J	499
3	J	500
4	J	500
1	J	500
3	J	500
4	J	500
1	J	500
3	J	501
4	J	501
1	J	501
3	J	501
4	J	501
1	J	501
3	J	501
4	J	502
1	J	502
3	J	502
4	J	502
1	J	502
3	J	502
4	J	502
1	J	503
3	J	503
4	J	503
1	J	503
3	J	503
4	J	503
1	J	503
3	J	504
4	J	504
1	J	504
3	J	504
4	J	504
1	J	504
3	J	505
4	J	505
1	J	505
3	J	505
4	J	505
1	J	505
3	J	505
4	J	506
1	J	506
3	J	506
4	J	506
1	J	506
3	J	506
4	J	506
1	J	507
3	J	507
4	J	507
1	J	507
3	J	507
4	J	507
1	J	507
3	J	508
4	J	508
1	J	508
3	J	508
4	J	508
1	J	508
3	J	508
4	J	509
1	J	509
3	J	509
4	J	509
1	J	509
3	J	509
4	J	509
1	J	510
3	J	510
4	J	510
1	J	510
3	J	510
4	J	510
1	J	510
3	J	511
4	J	511
1	J	511
3	J	511
4	J	511
1	J	511
3	J	512
4	J	512
1	J	512
3	J	512
4	J	512
1	J	512
3	J	512
4	J	513
1	J	513
3	J	513
4	J	513
1	J	513
3	J	513
4	J	513
1	J	514
3	J	514
4	J	514
1	J	514
3	J	515
4	J	515
1	J	515
3	J	515
4	J	515
1	J	515
3	J	516
4	J	516
1	J	516
3	J	516
4	J	516
1	J	516
3	J	516
4	J	517
1	J	517
3	J	517
4	J	517
1	J	517
3	J	517
4	J	517
1	J	518
3	J	518
4	J	518
1	J	518
3	J	518
4	J	518
1	J	518
3	J	519
4	J	519
1	J	519
3	J	519
4	J	519
1	J	519
3	J	520
4	J	520
1	J	520
3	J	520
4	J	520
1	J	520
3	J	520
4	J	521
1	J	521
3	J	521
4	J	521
1	J	521
3	J	521
4	J	521
1	J	522
3	J	522
4	J	522
1	J	522
3	J	522
4	J	522
1	J	522
3	J	523
4	J	523
1	J	523
3	J	523
4	J	523
1	J	523
3	J	524
4	J	524
1	J	524
3	J	524
4	J	524
1	J	524
3	J	524
4	J	525
1	J	525
3	J	525
4	J	525
1	J	525
3	J	525
4	J	525
1	J	526
3	J	526
4	J	526
1	J	526
3	J	526
4	J	526
1	J	526
3	J	527
4	J	527
1	J	527
3	J	527
4	J	527
1	J	527
3	J	527
4	J	528
1	J	528
3	J	528
4	J	528
1	J	528
3	J	528
4	J	528
1	J	529
3	J	529
4	J	529
1	J	529
3	J	529
4	J	529
1	J	529
3	J	530
4	J	530
1	J	530
3	J	530
4	J	530
1	J	530
3	J	531
4	J	531
1	J	531
3	J	531
4	J	531
1	J	531
3	J	531
4	J	532
1	J	532
3	J	532
4	J	532
1	J	532
3	J	532
4	J	532
1	J	533
3	J	533
4	J	533
1	J	533
3	J	534
4	J	534
1	J	534
3	J	534
4	J	534
1	J	534
3	J	535
4	J	535
1	J	535
3	J	535
4	J	535
1	J	535
3	J	535
4	J	536
1	J	536
3	J	536
4	J	536
1	J	536
3	J	536
4	J	536
1	J	537
3	J	537
4	J	537
1	J	537
3	J	537
4	J	537
1	J	537
3	J	538
4	J	538
1	J	538
3	J	538
4	J	538
1	J	538
3	J	539
4	J	539
1	J	539
3	J	539
4	J	539
1	J	539
3	J	539
4	J	540
1	J	540
3	J	540
4	J	540
1	J	540
3	J	540
4	J	540
1	J	541
3	J	541
4	J	541
1	J	541
3	J	541
4	J	541
1	J	541
3	J	542
4	J	542
1	J	542
3	J	542
4	J	542
1	J	542
3	J	543
4	J	543
1	J	543
3	J	543
4	J	543
1	J	543
3	J	543
4	J	544
1	J	544
3	J	544
4	J	544
1	J	544
3	J	544
4	J	544
1	J	545
3	J	545
4	J	545
1	J	545
3	J	545
4	J	545
1	J	545
3	J	546
4	J	546
1	J	546
3	J	546
4	J	546
1	J	546
3	J	546
4	J	547
1	J	547
3	J	547
4	J	547
1	J	547
3	J	547
4	J	547
1	J	548
3	J	548
4	J	548
1	J	548
3	J	548
4	J	548
1	J	548
3	J	549
4	J	549
1	J	549
3	J	549
4	J	549
1	J	549
3	J	550
4	J	550
1	J	550
3	J	550
4	J	550
1	J	550
3	J	550
4	J	551
1	J	551
3	J	551
4	J	551
1	J	551
3	J	551
4	J	551
1	J	552
3	J	552
4	J	552
1	J	552
3	J	552
4	J	553
1	J	553
3	J	554
4	J	554
1	J	554
3	J	554
4	J	554
1	J	554
3	J	555
4	J	555
1	J	555
3	J	555
4	J	555
1	J	555
3	J	556
4	J	556
1	J	556
3	J	556
4	J	556
1	J	556
3	J	557
4	J	557
1	J	557
3	J	557
4	J	557
1	J	557
3	J	558
4	J	558
1	J	558
3	J	558
4	J	558
1	J	558
3	J	559
4	J	559
1	J	559
3	J	559
4	J	559
1	J	559
3	J	560
4	J	560
1	J	560
3	J	560
4	J	560
1	J	560
3	J	561
4	J	561
1	J	561
3	J	561
4	J	561
1	J	561
3	J	562
4	J	562
1	J	562
3	J	562
4	J	562
1	J	562
3	J	563
4	J	563
1	J	563
3	J	563
4	J	563
1	J	563
3	J	564
4	J	564
1	J	564
3	J	564
4	J	564
1	J	564
3	J	565
4	J	565
1	J	565
3	J	565
4	J	565
1	J	565
3	J	566
4	J	566
1	J	566
3	J	566
4	J	566
1	J	566
3	J	567
4	J	567
1	J	567
3	J	567
4	J	567
1	J	567
3	J	568
4	J	568
1	J	568
3	J	568
4	J	568
1	J	568
3	J	569
4	J	569
1	J	569
3	J	569
4	J	569
1	J	569
3	J	570
4	J	570
1	J	570
3	J	570
4	J	570
1	J	570
3	J	571
4	J	571
1	J	571
3	J	571
4	J	571
1	J	571
3	J	572
4	J	572
1	J	572
3	J	572
4	J	572
1	J	572
3	J	573
4	J	573
1	J	573
3	J	573
4	J	573
1	J	573
3	J	574
4	J	574
1	J	574
3	J	574
4	J	574
1	J	574
3	J	575
4	J	575
1	J	575
3	J	576
4	J	576
1	J	576
3	J	576
4	J	576
1	J	576
3	J	577
4	J	577
1	J	577
3	J	577
4	J	577
1	J	577
3	J	578
4	J	578
1	J	578
3	J	578
4	J	578
1	J	578
3	J	579
4	J	579
1	J	579
3	J	579
4	J	579
1	J	579
3	J	580
4	J	580
1	J	580
3	J	580
4	J	580
1	J	580
3	J	581
4	J	581
1	J	581
3	J	581
4	J	581
1	J	581
3	J	582
4	J	582
1	J	582
3	J	582
4	J	582
1	J	582
3	J	583
4	J	583
1	J	583
3	J	583
4	J	583
1	J	583
3	J	584
4	J	584
1	J	584
3	J	584
4	J	584
1	J	584
3	J	585
4	J	585
1	J	585
3	J	585
4	J	585
1	J	585
3	J	586
4	J	586
1	J	586
3	J	586
4	J	586
1	J	587
3	J	587
4	J	587
1	J	587
3	J	587
4	J	587
1	J	588
3	J	588
4	J	588
1	J	588
3	J	588
4	J	588
1	J	589
3	J	589
4	J	589
1	J	589
3	J	589
4	J	589
1	J	590
3	J	590
4	J	590
1	J	590
3	J	590
4	J	590
1	J	591
3	J	591
4	J	591
1	J	591
3	J	591
4	J	591
1	J	592
3	J	592
4	J	592
1	J	592
3	J	592
4	J	592
1	J	593
3	J	593
4	J	593
1	J	593
3	J	593
4	J	593
1	J	594
3	J	594
4	J	594
1	J	594
3	J	594
4	J	594
1	J	595
3	J	595
4	J	595
1	J	595
3	J	595
4	J	595
1	J	596
3	J	596
4	J	596
1	J	596
3	J	596
4	J	596
1	J	597
3	J	597
4	J	597
1	J	598
3	J	598
4	J	598
1	J	598
3	J	598
4	J	598
1	J	599
3	J	599
4	J	599
1	J	599
3	J	599
4	J	599
1	J	600
3	J	600
4	J	600
1	J	600
3	J	600
4	J	600
1	J	601
3	J	601
4	J	601
1	J	601
3	J	601
4	J	601
1	J	602
3	J	602
4	J	602
1	J	602
3	J	602
4	J	602
1	J	603
3	J	603
4	J	603
1	J	603
3	J	603
4	J	603
1	J	604
3	J	604
4	J	604
1	J	604
3	J	604
4	J	604
1	J	605
3	J	605
4	J	605
1	J	605
3	J	605
4	J	605
1	J	606
3	J	606
4	J	606
1	J	606
3	J	606
4	J	606
1	J	607
3	J	607
4	J	607
1	J	607
3	J	607
4	J	607
1	J	608
3	J	608
4	J	608
1	J	608
3	J	608
4	J	608
1	J	609
3	J	609
4	J	609
1	J	609
3	J	609
4	J	609
1	J	610
3	J	610
4	J	610
1	J	610
3	J	610
4	J	610
1	J	611
3	J	611
4	J	611
1	J	611
3	J	611
4	J	611
1	J	612
3	J	612
4	J	612
1	J	612
3	J	612
4	J	612
1	J	613
3	J	613
4	J	613
1	J	613
3	J	613
4	J	613
1	J	614
3	J	614
4	J	614
1	J	614
3	J	614
4	J	614
1	J	615
3	J	615
4	J	615
1	J	615
3	J	615
4	J	615
1	J	616
3	J	616
4	J	616
1	J	616
3	J	616
4	J	616
1	J	617
3	J	617
4	J	617
1	J	617
3	J	617
4	J	617
1	J	618
3	J	618
4	J	618
1	J	618
3	J	618
4	J	619
1	J	619
3	J	619
4	J	619
1	J	620
3	J	620
4	J	620
1	J	620
3	J	620
4	J	620
1	J	621
3	J	621
4	J	621
1	J	621
3	J	621
4	J	621
1	J	622
3	J	622
4	J	622
1	J	622
3	J	622
4	J	622
1	J	623
3	J	623
4	J	623
1	J	623
3	J	623
4	J	623
1	J	624
3	J	624
4	J	624
1	J	624
3	J	624
4	J	624
1	J	625
3	J	625
4	J	625
1	J	625
3	J	625
4	J	625
1	J	626
3	J	626
4	J	626
1	J	626
3	J	626
4	J	626
1	J	627
3	J	627
4	J	627
1	J	627
3	J	627
4	J	627
1	J	628
3	J	628
4	J	628
1	J	628
3	J	628
4	J	628
1	J	629
3	J	629
4	J	629
1	J	629
3	J	629
4	J	629
1	J	630
3	J	630
4	J	630
1	J	630
3	J	630
4	J	630
1	J	631
3	J	631
4	J	631
1	J	631
3	J	631
4	J	631
1	J	632
3	J	632
4	J	632
1	J	632
3	J	632
4	J	632
1	J	633
3	J	633
4	J	633
1	J	633
3	J	633
4	J	633
1	J	634
3	J	634
4	J	634
1	J	634
3	J	634
4	J	634
1	J	635
3	J	635
4	J	635
1	J	635
3	J	635
4	J	635
1	J	636
3	J	636
4	J	636
1	J	636
3	J	636
4	J	636
1	J	637
3	J	637
4	J	637
1	J	637
3	J	637
4	J	637
1	J	638
3	J	638
4	J	638
1	J	638
3	J	638
4	J	638
1	J	639
3	J	639
4	J	639
1	J	639
3	J	639
4	J	639
1	J	640
3	J	640
4	J	640
1	J	640
3	J	641
4	J	641
1	J	641
3	J	641
4	J	641
1	J	642
3	J	642
4	J	642
1	J	642
3	J	642
4	J	642
1	J	643
3	J	643
4	J	643
1	J	643
3	J	643
4	J	643
1	J	644
3	J	644
4	J	644
1	J	644
3	J	644
4	J	644
1	J	645
3	J	645
4	J	645
1	J	645
3	J	645
4	J	645
1	J	646
3	J	646
4	J	646
1	J	646
3	J	646
4	J	646
1	J	647
3	J	647
4	J	647
1	J	647
3	J	647
4	J	647
1	J	648
3	J	648
4	J	648
1	J	648
3	J	648
4	J	648
1	J	649
3	J	649
4	J	649
1	J	649
3	J	649
4	J	649
1	J	650
3	J	650
4	J	650
1	J	650
3	J	650
4	J	650
1	J	651
3	J	651
4	J	651
1	J	651
3	J	651
4	J	651
1	J	652
3	J	652
4	J	652
1	J	652
3	J	652
4	J	652
1	J	653
3	J	653
4	J	653
1	J	653
3	J	653
4	J	653
1	J	654
3	J	654
4	J	654
1	J	654
3	J	654
4	J	655
1	J	655
3	J	655
4	J	655
1	J	655
3	J	655
4	J	656
1	J	656
3	J	656
4	J	656
1	J	656
3	J	656
4	J	657
1	J	657
3	J	657
4	J	657
1	J	657
3	J	657
4	J	658
1	J	658
3	J	658
4	J	658
1	J	658
3	J	658
4	J	659
1	J	659
3	J	659
4	J	659
1	J	659
3	J	659
4	J	660
1	J	660
3	J	660
4	J	660
1	J	660
3	J	660
4	J	661
1	J	661
3	J	661
4	J	661
1	J	661
3	J	661
4	J	662
1	J	662
3	J	662
4	J	662
1	J	663
3	J	663
4	J	663
1	J	663
3	J	663
4	J	664
1	J	664
3	J	664
4	J	664
1	J	664
3	J	664
4	J	665
1	J	665
3	J	665
4	J	665
1	J	665
3	J	665
4	J	666
1	J	666
3	J	666
4	J	666
1	J	666
3	J	666
4	J	667
1	J	667
3	J	667
4	J	667
1	J	667
3	J	667
4	J	668
1	J	668
3	J	668
4	J	668
1	J	668
3	J	668
4	J	669
1	J	669
3	J	669
4	J	669
1	J	669
3	J	669
4	J	670
1	J	670
3	J	670
4	J	670
1	J	670
3	J	670
4	J	671
1	J	671
3	J	671
4	J	671
1	J	671
3	J	671
4	J	672
1	J	672
3	J	672
4	J	672
1	J	672
3	J	672
4	J	673
1	J	673
3	J	673
4	J	673
1	J	673
3	J	673
4	J	674
1	J	674
3	J	674
4	J	674
1	J	674
3	J	674
4	J	675
1	J	675
3	J	675
4	J	675
1	J	675
3	J	675
4	J	676
1	J	676
3	J	676
4	J	676
1	J	676
3	J	676
4	J	677
1	J	677
3	J	677
4	J	677
1	J	677
3	J	677
4	J	678
1	J	678
3	J	678
4	J	678
1	J	678
3	J	678
4	J	679
1	J	679
3	J	679
4	J	679
1	J	679
3	J	679
4	J	680
1	J	680
3	J	680
4	J	680
1	J	680
3	J	680
4	J	681
1	J	681
3	J	681
4	J	681
1	J	681
3	J	681
4	J	682
1	J	682
3	J	682
4	J	682
1	J	682
3	J	682
4	J	683
1	J	683
3	J	683
4	J	683
1	J	683
3	J	683
4	J	684
1	J	684
3	J	684
4	J	685
1	J	685
3	J	685
4	J	685
1	J	685
3	J	685
4	J	686
1	J	686
3	J	686
4	J	686
1	J	686
3	J	686
4	J	687
1	J	687
3	J	687
4	J	687
1	J	687
3	J	687
4	J	688
1	J	688
3	J	688
4	J	688
1	J	688
3	J	688
4	J	689
1	J	689
3	J	689
4	J	689
1	J	689
3	J	689
4	J	690
1	J	690
3	J	690
4	J	690
1	J	690
3	J	690
4	J	691
1	J	691
3	J	691
4	J	691
1	J	691
3	J	691
4	J	692
1	J	692
3	J	692
4	J	692
1	J	692
3	J	692
4	J	693
1	J	693
3	J	693
4	J	693
1	J	693
3	J	693
4	J	694
1	J	694
3	J	694
4	J	694
1	J	694
3	J	694
4	J	695
1	J	695
3	J	695
4	J	695
1	J	695
3	J	695
4	J	696
1	J	696
3	J	696
4	J	696
1	J	696
3	J	696
4	J	697
1	J	697
3	J	697
4	J	697
1	J	697
3	J	697
4	J	698
1	J	698
3	J	698
4	J	698
1	J	698
3	J	698
4	J	699
1	J	699
3	J	699
4	J	699
1	J	699
3	J	699
4	J	700
1	J	700
3	J	700
4	J	700
1	J	700
3	J	700
4	J	701
1	J	701
3	J	701
4	J	701
1	J	701
3	J	701
4	J	702
1	J	702
3	J	702
4	J	702
1	J	702
3	J	702
4	J	703
1	J	703
3	J	703
4	J	703
1	J	703
3	J	703
4	J	704
1	J	704
3	J	704
4	J	704
1	J	704
3	J	704
4	J	705
1	J	705
3	J	705
4	J	705
1	J	705
3	J	705
4	J	706
1	J	706
3	J	706
4	J	707
1	J	707
3	J	707
4	J	707
1	J	707
3	J	707
4	J	708
1	J	708
3	J	708
4	J	708
1	J	708
3	J	708
4	J	709
1	J	709
3	J	709
4	J	709
1	J	709
3	J	709
4	J	710
1	J	710
3	J	710
4	J	710
1	J	710
3	J	710
4	J	711
1	J	711
3	J	711
4	J	711
1	J	711
3	J	711
4	J	712
1	J	712
3	J	712
4	J	712
1	J	712
3	J	712
4	J	713
1	J	713
3	J	713
4	J	713
1	J	713
3	J	713
4	J	714
1	J	714
3	J	714
4	J	714
1	J	714
3	J	714
4	J	715
1	J	715
3	J	715
4	J	715
1	J	715
3	J	715
4	J	716
1	J	716
3	J	716
4	J	716
1	J	716
3	J	716
4	J	717
1	J	717
3	J	717
4	J	717
1	J	717
3	J	717
4	J	718
1	J	718
3	J	718
4	J	718
1	J	718
3	J	718
4	J	719
1	J	719
3	J	719
4	J	719
1	J	719
3	J	719
4	J	720
1	J	720
3	J	720
4	J	720
1	J	720
3	J	720
4	J	721
1	J	721
3	J	721
4	J	721
1	J	721
3	J	721
4	J	722
1	J	722
3	J	722
4	J	722
1	J	722
3	J	722
4	J	723
1	J	723
3	J	723
4	J	723
1	J	723
3	J	723
4	J	724
1	J	724
3	J	724
4	J	724
1	J	724
3	J	724
4	J	725
1	J	725
3	J	725
4	J	725
1	J	725
3	J	726
4	J	726
1	J	726
3	J	726
4	J	726
1	J	726
3	J	727
4	J	727
1	J	727
3	J	727
4	J	727
1	J	727
3	J	728
4	J	728
1	J	728
3	J	728
4	J	729
1	J	729
3	J	729
4	J	729
1	J	729
3	J	729
4	J	730
1	J	730
3	J	730
4	J	730
1	J	730
3	J	730
4	J	731
1	J	731
3	J	731
4	J	731
1	J	731
3	J	732
4	J	732
1	J	732
3	J	732
4	J	732
1	J	732
3	J	733
4	J	733
1	J	733
3	J	733
4	J	733
1	J	733
3	J	734
4	J	734
1	J	734
3	J	734
4	J	734
1	J	734
3	J	735
4	J	735
1	J	735
3	J	735
4	J	735
1	J	735
3	J	736
4	J	736
1	J	736
3	J	736
4	J	736
1	J	736
3	J	737
4	J	737
1	J	737
3	J	737
4	J	737
1	J	737
3	J	738
4	J	738
1	J	738
3	J	738
4	J	738
1	J	738
3	J	739
4	J	739
1	J	739
3	J	739
4	J	739
1	J	739
3	J	740
4	J	740
1	J	740
3	J	740
4	J	740
1	J	740
3	J	741
4	J	741
1	J	741
3	J	741
4	J	741
1	J	741
3	J	742
4	J	742
1	J	742
3	J	742
4	J	742
1	J	742
3	J	743
4	J	743
1	J	743
3	J	743
4	J	743
1	J	743
4	J	743
4	R	744
4	W	745
3	J	745
4	J	745
1	J	745
3	J	746
4	J	746
1	J	746
3	J	746
4	J	746
1	J	746
3	J	747
4	J	747
1	J	747
3	J	747
4	J	747
1	J	747
3	J	748
4	J	748
1	J	748
3	J	748
4	J	748
1	J	748
3	J	749
4	J	749
1	J	749
3	J	749
4	J	749
1	J	749
3	J	750
4	J	750
1	J	750
3	J	750
4	J	750
1	J	750
3	J	751
4	J	751
1	J	751
3	J	751
4	J	752
1	J	752
3	J	752
4	J	752
1	J	752
3	J	753
4	J	753
1	J	753
3	J	753
4	J	753
1	J	753
3	J	754
4	J	754
1	J	754
3	J	754
4	J	754
1	J	754
4	J	755
3	J	755
4	J	755
1	J	755
4	R	755
4	W	755
3	J	755
4	J	756
1	J	756
3	J	756
4	J	756
1	J	756
3	J	756
4	J	757
1	J	757
3	J	757
4	J	757
1	J	757
3	J	757
4	J	758
1	J	758
3	J	758
4	J	758
1	J	758
3	J	758
4	J	759
1	J	759
4	R	759
4	W	759
3	J	760
4	J	760
1	J	760
3	J	760
4	J	760
1	J	760
3	J	761
4	J	761
1	J	761
3	J	761
4	J	761
1	J	761
3	J	762
4	J	762
1	J	762
3	J	762
4	J	762
1	J	762
3	J	763
4	J	763
1	J	763
3	J	763
4	J	763
1	J	763
3	J	764
4	J	764
1	J	764
3	J	764
4	J	764
1	J	764
3	J	765
4	J	765
1	J	765
3	J	765
4	J	765
1	J	765
3	J	766
4	J	766
1	J	766
3	J	766
4	J	766
1	J	766
3	J	767
4	J	767
1	J	767
3	J	767
4	J	767
1	J	767
4	J	768
4	J	768
1	J	768
4	R	768
4	W	768
3	J	769
4	J	769
1	J	769
3	J	769
4	J	769
1	J	769
4	J	770
4	J	770
4	J	770
1	J	770
4	R	770
4	W	770
3	J	771
4	J	771
1	J	771
3	J	771
4	J	771
1	J	771
3	J	772
4	J	772
1	J	772
3	J	772
4	J	772
1	J	772
3	J	773
4	J	773
1	J	773
3	J	774
4	J	774
1	J	774
3	J	774
4	J	774
1	J	774
3	J	775
4	J	775
1	J	775
3	J	775
4	J	775
1	J	775
3	J	776
4	J	776
1	J	776
3	J	776
4	J	776
1	J	776
3	J	777
4	J	777
1	J	777
3	J	777
4	J	777
1	J	777
3	J	778
4	J	778
1	J	778
4	J	778
4	J	778
4	J	778
1	J	778
4	R	779
4	W	779
3	J	779
4	J	779
1	J	779
3	J	779
4	J	780
1	J	780
3	J	780
4	J	780
1	J	780
3	J	780
4	J	781
1	J	781
3	J	781
4	J	781
1	J	781
3	J	782
4	J	782
1	J	782
3	J	782
4	J	782
1	J	782
3	J	783
4	J	783
1	J	783
3	J	783
4	J	783
1	J	783
3	J	784
4	J	784
1	J	784
3	J	784
4	J	784
1	J	784
3	J	785
4	J	785
1	J	785
3	J	785
4	J	785
1	J	785
3	J	786
4	J	786
1	J	786
3	J	786
4	J	786
1	J	786
3	J	787
4	J	787
1	J	787
3	J	787
4	J	787
1	J	787
3	J	788
4	J	788
1	J	788
3	J	788
4	J	788
1	J	788
3	J	789
4	J	789
1	J	789
3	J	789
4	J	789
1	J	789
3	J	790
4	J	790
1	J	790
3	J	790
4	J	790
1	J	790
3	J	791
4	J	791
1	J	791
3	J	791
4	J	791
4	J	791
4	J	791
4	R	792
4	W	792
3	J	792
4	J	792
1	J	792
3	J	793
4	J	793
1	J	793
3	J	793
4	J	793
1	J	793
3	J	794
4	J	794
1	J	794
3	J	794
4	J	794
1	J	794
3	J	795
4	J	795
1	J	795
3	J	796
4	J	796
1	J	796
3	J	796
4	J	796
1	J	796
3	J	797
4	J	797
1	J	797
3	J	797
4	J	797
1	J	797
3	J	798
4	J	798
1	J	798
3	J	798
4	J	798
1	J	798
3	J	799
4	J	799
1	J	799
3	J	799
4	J	799
1	J	799
3	J	800
4	J	800
1	J	800
3	J	800
4	J	800
1	J	800
3	J	801
4	J	801
1	J	801
3	J	801
4	J	801
1	J	801
3	J	802
4	J	802
1	J	802
3	J	802
4	J	802
1	J	802
3	J	803
4	J	803
1	J	803
3	J	803
4	J	803
1	J	803
3	J	804
4	J	804
1	J	804
3	J	804
4	J	804
1	J	804
3	J	805
4	J	805
1	J	805
3	J	805
4	J	805
1	J	805
3	J	806
4	J	806
1	J	806
3	J	806
4	J	806
4	J	806
1	J	807
4	R	807
4	W	807
3	J	807
4	J	807
1	J	808
3	J	808
4	J	808
1	J	808
3	J	808
4	J	808
1	J	809
3	J	809
4	J	809
1	J	809
3	J	809
4	J	809
1	J	810
3	J	810
4	J	810
1	J	810
3	J	810
4	J	810
1	J	811
3	J	811
4	J	811
1	J	811
3	J	811
4	J	811
1	J	812
3	J	812
4	J	812
1	J	812
3	J	812
4	J	812
4	J	813
4	R	813
4	W	813
3	J	813
4	J	813
1	J	813
3	J	814
4	J	814
1	J	814
3	J	814
4	J	814
1	J	814
4	J	815
3	J	815
4	J	815
1	J	815
4	R	815
4	W	815
3	J	816
4	J	816
1	J	816
3	J	816
4	J	816
1	J	816
3	J	817
4	J	817
1	J	817
3	J	818
4	J	818
1	J	818
3	J	818
4	J	818
1	J	818
3	J	819
4	J	819
1	J	819
3	J	819
4	J	819
1	J	819
3	J	820
4	J	820
1	J	820
3	J	820
4	J	820
1	J	820
3	J	821
4	J	821
1	J	821
3	J	821
4	J	821
1	J	821
3	J	822
4	J	822
1	J	822
3	J	822
4	J	822
1	J	822
3	J	823
4	J	823
1	J	823
3	J	823
4	J	823
1	J	823
3	J	824
4	J	824
1	J	824
3	J	824
4	J	824
1	J	824
3	J	825
4	J	825
1	J	825
3	J	825
4	J	825
1	J	825
3	J	826
4	J	826
4	J	826
1	J	826
4	R	826
4	J	832
3	J	833
4	J	833
1	J	833
4	W	833
4	J	833
3	J	834
4	J	834
1	J	834
4	J	841
3	J	841
4	J	841
1	J	841
4	J	844
3	J	845
4	J	845
1	J	845
4	W	849
3	J	850
4	J	850
1	J	850
3	J	850
4	J	850
1	J	850
3	J	851
4	J	851
1	J	851
3	J	851
4	J	851
1	J	851
3	J	852
4	J	852
1	J	852
3	J	852
4	J	852
1	J	852
3	J	853
4	J	853
1	J	853
3	J	853
4	J	853
1	J	853
3	J	854
4	J	854
1	J	854
3	J	854
4	J	854
1	J	854
3	J	855
4	J	855
1	J	855
3	J	855
4	J	855
1	J	855
3	J	856
4	J	856
1	J	856
3	J	856
4	J	856
1	J	856
3	J	857
4	J	857
1	J	857
3	J	857
4	J	857
1	J	857
3	J	858
4	J	858
1	J	858
3	J	858
4	J	858
1	J	858
3	J	859
4	J	859
1	J	859
3	J	860
4	J	860
1	J	860
3	J	860
4	J	860
1	J	860
3	J	861
4	J	861
1	J	861
3	J	861
4	J	861
1	J	861
3	J	862
4	J	862
1	J	862
3	J	862
4	J	862
1	J	862
3	J	863
4	J	863
1	J	863
3	J	863
4	J	863
1	J	863
3	J	864
4	J	864
1	J	864
3	J	864
4	J	864
1	J	864
3	J	865
4	J	865
1	J	865
3	J	865
4	J	865
1	J	865
3	J	866
4	J	866
1	J	866
3	J	866
4	J	866
1	J	866
3	J	867
4	J	867
1	J	867
3	J	867
4	J	867
1	J	867
3	J	868
4	J	868
1	J	868
3	J	868
4	J	868
1	J	868
3	J	869
4	J	869
1	J	869
3	J	869
4	J	869
1	J	869
3	J	870
4	J	870
1	J	870
3	J	870
4	J	870
1	J	870
3	J	871
4	J	871
1	J	871
3	J	871
4	J	871
1	J	871
3	J	872
4	J	872
1	J	872
3	J	872
4	J	872
1	J	872
3	J	873
4	J	873
1	J	873
3	J	873
4	J	873
1	J	873
3	J	874
4	J	874
1	J	874
3	J	874
4	J	874
1	J	874
3	J	875
4	J	875
1	J	875
3	J	875
4	J	875
1	J	875
3	J	876
4	J	876
1	J	876
3	J	876
4	J	876
1	J	876
3	J	877
4	J	877
1	J	877
3	J	877
4	J	877
1	J	877
3	J	878
4	J	878
1	J	878
3	J	878
4	J	878
1	J	878
3	J	879
4	J	879
1	J	879
3	J	879
4	J	879
1	J	879
3	J	880
4	J	880
1	J	880
3	J	880
4	J	880
1	J	880
3	J	881
4	J	881
1	J	881
3	J	882
4	J	882
1	J	882
3	J	882
4	J	882
1	J	882
3	J	883
4	J	883
1	J	883
3	J	883
4	J	883
1	J	883
3	J	884
4	J	884
1	J	884
3	J	884
4	J	884
1	J	884
3	J	885
4	J	885
1	J	885
3	J	885
4	J	885
1	J	885
3	J	886
4	J	886
1	J	886
3	J	886
4	J	886
1	J	886
3	J	887
4	J	887
1	J	887
3	J	887
4	J	887
1	J	887
3	J	888
4	J	888
1	J	888
3	J	888
4	J	888
1	J	888
3	J	889
4	J	889
1	J	889
3	J	889
4	J	889
1	J	889
3	J	890
4	J	890
1	J	890
3	J	890
4	J	890
1	J	890
3	J	891
4	J	891
1	J	891
3	J	891
4	J	891
1	J	891
3	J	892
4	J	892
1	J	892
3	J	892
4	J	892
1	J	892
3	J	893
4	J	893
1	J	893
3	J	893
4	J	893
1	J	893
3	J	894
4	J	894
1	J	894
3	J	894
4	J	894
1	J	894
3	J	895
4	J	895
1	J	895
3	J	895
4	J	895
1	J	896
3	J	896
4	J	896
1	J	896
3	J	896
4	J	896
1	J	897
3	J	897
4	J	897
1	J	897
3	J	897
4	J	897
1	J	898
3	J	898
4	J	898
1	J	898
3	J	898
4	J	898
1	J	899
3	J	899
4	J	899
1	J	899
3	J	899
4	J	899
1	J	900
3	J	900
4	J	900
1	J	900
3	J	900
4	J	900
1	J	901
3	J	901
4	J	901
1	J	901
3	J	901
4	J	901
1	J	902
3	J	902
4	J	902
1	J	902
3	J	902
4	J	902
1	J	903
3	J	903
4	J	903
1	J	904
3	J	904
4	J	904
1	J	904
3	J	904
4	J	904
1	J	905
3	J	905
4	J	905
1	J	905
3	J	905
4	J	905
1	J	906
3	J	906
4	J	906
1	J	906
3	J	906
4	J	906
1	J	907
3	J	907
4	J	907
1	J	907
3	J	907
4	J	907
1	J	908
3	J	908
4	J	908
1	J	908
3	J	908
4	J	908
1	J	909
3	J	909
4	J	909
1	J	909
3	J	909
4	J	909
1	J	910
3	J	910
4	J	910
1	J	910
3	J	910
4	J	910
1	J	911
3	J	911
4	J	911
1	J	911
3	J	911
4	J	911
1	J	912
3	J	912
4	J	912
1	J	912
3	J	912
4	J	912
1	J	913
3	J	913
4	J	913
1	J	913
3	J	913
4	J	913
1	J	914
3	J	914
4	J	914
1	J	914
3	J	914
4	J	914
1	J	915
3	J	915
4	J	915
1	J	915
3	J	915
4	J	915
1	J	916
3	J	916
4	J	916
1	J	916
3	J	916
4	J	916
1	J	917
3	J	917
4	J	917
1	J	917
3	J	917
4	J	917
1	J	918
3	J	918
4	J	918
1	J	918
3	J	918
4	J	918
1	J	919
3	J	919
4	J	919
1	J	919
3	J	919
4	J	919
1	J	920
3	J	920
4	J	920
1	J	920
3	J	920
4	J	920
1	J	921
3	J	921
4	J	921
1	J	921
3	J	921
4	J	921
1	J	922
3	J	922
4	J	922
1	J	922
3	J	922
4	J	922
1	J	923
3	J	923
4	J	923
1	J	923
3	J	923
4	J	923
1	J	924
3	J	924
4	J	924
1	J	924
3	J	924
4	J	925
1	J	925
3	J	925
4	J	925
1	J	926
3	J	926
4	J	926
1	J	926
3	J	926
4	J	926
1	J	927
3	J	927
4	J	927
1	J	927
3	J	927
4	J	927
1	J	928
3	J	928
4	J	928
1	J	928
3	J	928
4	J	928
1	J	929
3	J	929
4	J	929
1	J	929
3	J	929
4	J	929
1	J	930
3	J	930
4	J	930
1	J	930
3	J	930
4	J	930
1	J	931
3	J	931
4	J	931
1	J	931
3	J	931
4	J	931
1	J	932
3	J	932
4	J	932
1	J	932
3	J	932
4	J	932
1	J	933
3	J	933
4	J	933
1	J	933
3	J	933
4	J	933
1	J	934
3	J	934
4	J	934
1	J	934
3	J	934
4	J	934
1	J	935
3	J	935
4	J	935
1	J	935
3	J	935
4	J	935
1	J	936
3	J	936
4	J	936
1	J	936
3	J	936
4	J	936
1	J	937
3	J	937
4	J	937
1	J	937
3	J	937
4	J	937
1	J	938
3	J	938
4	J	938
1	J	938
3	J	938
4	J	938
1	J	939
3	J	939
4	J	939
1	J	939
3	J	939
4	J	939
1	J	940
3	J	940
4	J	940
1	J	940
3	J	940
4	J	940
1	J	941
3	J	941
4	J	941
1	J	941
3	J	941
4	J	941
1	J	942
3	J	942
4	J	942
1	J	942
3	J	942
4	J	942
1	J	943
3	J	943
4	J	943
1	J	943
3	J	943
4	J	943
1	J	944
3	J	944
4	J	944
1	J	944
3	J	944
4	J	944
1	J	945
3	J	945
4	J	945
1	J	945
4	J	945
4	J	945
4	J	946
1	J	946
4	R	946
6	N	950
6	J	954
4	W	956
6	J	956
3	J	956
4	J	956
1	J	956
6	R	956
6	W	957
6	J	957
6	J	958
3	J	958
4	J	958
1	J	958
7	N	964
7	J	967
8	N	971
8	J	974
6	W	975
8	J	975
7	J	976
6	J	976
3	J	976
4	J	976
1	J	976
8	R	976
9	N	977
9	J	980
8	W	980
9	J	981
8	J	981
7	J	981
6	J	981
3	J	981
4	J	981
1	J	981
9	R	982
9	J	1237
8	J	1237
7	J	1237
6	J	1237
3	J	1237
4	J	1237
1	J	1237
9	J	1238
7	R	1238
10	N	1238
10	J	1241
11	N	1242
11	J	1245
11	J	1493
10	J	1493
9	J	1493
8	J	1493
7	J	1493
6	J	1493
3	J	1493
4	J	1494
1	J	1494
7	J	1494
11	R	1494
11	J	1749
10	J	1749
9	J	1749
8	J	1749
7	J	1749
6	J	1749
3	J	1749
4	J	1750
1	J	1750
11	J	1750
10	R	1750
11	J	2005
10	J	2005
9	J	2005
8	J	2005
7	J	2005
6	J	2005
3	J	2005
4	J	2006
1	J	2006
10	J	2006
8	R	2006
8	W	2006
11	J	2006
10	J	2007
9	J	2007
8	J	2007
7	J	2007
6	J	2007
3	J	2007
4	J	2007
1	J	2008
11	R	2008
11	W	2153
11	J	2153
10	J	2153
9	J	2153
8	J	2153
7	J	2153
6	J	2153
3	J	2154
4	J	2154
1	J	2154
8	R	2154
8	W	2154
11	J	2154
10	J	2155
9	J	2155
8	J	2155
7	J	2155
6	J	2155
3	J	2155
4	J	2155
1	J	2156
10	R	2156
10	W	2201
11	J	2201
10	J	2201
9	J	2201
8	J	2201
7	J	2201
6	J	2201
3	J	2202
4	J	2202
1	J	2202
9	R	2202
9	W	2446
11	J	2446
10	J	2446
9	J	2446
8	J	2446
7	J	2446
6	J	2446
3	J	2447
4	J	2447
1	J	2447
8	R	2447
8	W	2447
11	J	2447
10	J	2448
9	J	2448
8	J	2448
7	J	2448
6	J	2448
3	J	2448
4	J	2448
1	J	2449
7	R	2449
11	J	2704
10	J	2704
9	J	2704
8	J	2704
7	J	2704
6	J	2704
3	J	2704
4	J	2705
1	J	2705
7	J	2705
8	R	2705
8	W	2705
11	J	2705
10	J	2706
9	J	2706
8	J	2706
7	J	2706
6	J	2706
3	J	2706
4	J	2706
1	J	2707
10	R	2707
10	W	2707
11	J	2707
10	J	2707
9	J	2707
8	J	2708
7	J	2708
6	J	2708
3	J	2708
4	J	2708
1	J	2708
11	R	2708
11	W	2709
11	J	2709
10	J	2709
9	J	2709
8	J	2709
7	J	2709
6	J	2710
3	J	2710
4	J	2710
1	J	2710
9	R	2710
9	W	2710
11	J	2711
10	J	2711
9	J	2711
8	J	2711
7	J	2711
6	J	2711
3	J	2711
4	J	2712
1	J	2712
7	R	2712
11	J	2967
10	J	2967
9	J	2967
8	J	2967
7	J	2967
6	J	2967
3	J	2967
4	J	2968
1	J	2968
7	J	2968
8	R	2968
8	W	2968
11	J	2968
10	J	2969
9	J	2969
8	J	2969
7	J	2969
6	J	2969
3	J	2969
4	J	2969
1	J	2970
10	R	2970
10	W	2970
11	J	2971
10	J	2971
9	J	2971
8	J	2971
7	J	2971
6	J	2971
3	J	2972
4	J	2972
1	J	2972
11	R	2972
11	W	2972
11	J	2972
10	J	2973
9	J	2973
8	J	2973
7	J	2973
6	J	2973
3	J	2973
4	J	2973
1	J	2974
9	R	2974
9	W	2974
11	J	2974
10	J	2974
9	J	2974
8	J	2975
7	J	2975
6	J	2975
3	J	2975
4	J	2975
1	J	2975
7	R	2976
7	W	3216
11	J	3217
10	J	3217
9	J	3217
8	J	3217
7	J	3217
6	J	3217
3	J	3217
4	J	3218
1	J	3218
8	R	3218
8	W	3218
11	J	3218
10	J	3218
9	J	3219
8	J	3219
7	J	3219
6	J	3219
3	J	3219
4	J	3219
1	J	3219
10	R	3220
10	W	3220
11	J	3220
10	J	3220
9	J	3220
8	J	3220
7	J	3221
6	J	3221
3	J	3221
4	J	3221
1	J	3221
11	R	3221
11	W	3222
11	J	3222
10	J	3222
9	J	3222
8	J	3222
7	J	3222
6	J	3222
3	J	3223
4	J	3223
1	J	3223
9	R	3223
9	W	3223
11	J	3223
10	J	3224
9	J	3224
8	J	3224
7	J	3224
6	J	3224
3	J	3224
4	J	3224
1	J	3225
11	J	3225
10	J	3225
9	J	3225
8	J	3225
7	J	3225
6	J	3226
3	J	3226
4	J	3226
1	J	3226
11	J	3226
10	J	3226
9	J	3227
8	J	3227
7	J	3227
6	J	3227
3	J	3227
4	J	3227
1	J	3227
11	J	3228
10	J	3228
9	J	3228
8	J	3228
7	J	3228
6	J	3228
3	J	3229
4	J	3229
1	J	3229
11	J	3229
10	J	3230
9	J	3230
8	J	3230
7	J	3230
6	J	3230
3	J	3230
4	J	3230
1	J	3231
11	J	3231
10	J	3231
9	J	3231
8	J	3231
7	J	3231
6	J	3232
3	J	3232
4	J	3232
1	J	3232
11	J	3232
10	J	3232
9	J	3233
8	J	3233
7	J	3233
6	J	3233
3	J	3233
4	J	3233
1	J	3233
11	J	3234
10	J	3234
9	J	3234
8	J	3234
7	J	3234
6	J	3234
3	J	3234
4	J	3235
1	J	3235
11	J	3235
10	J	3235
9	J	3235
8	J	3235
7	J	3236
6	J	3236
3	J	3236
4	J	3236
1	J	3236
11	J	3236
10	J	3236
9	J	3237
8	J	3237
7	J	3237
6	J	3237
3	J	3237
4	J	3237
1	J	3237
11	J	3238
10	J	3238
9	J	3238
8	J	3238
7	J	3238
6	J	3238
3	J	3239
4	J	3239
1	J	3239
11	J	3239
10	J	3239
9	J	3239
8	J	3239
7	J	3240
6	J	3240
3	J	3240
4	J	3240
1	J	3240
11	J	3240
10	J	3241
9	J	3241
8	J	3241
7	J	3241
6	J	3241
3	J	3241
4	J	3241
1	J	3242
11	J	3242
10	J	3242
9	J	3242
8	J	3242
7	J	3242
6	J	3242
3	J	3243
4	J	3243
1	J	3243
11	J	3243
10	J	3243
9	J	3243
8	J	3244
7	J	3244
6	J	3244
3	J	3244
4	J	3244
1	J	3244
11	J	3245
10	J	3245
9	J	3245
8	J	3245
7	J	3245
6	J	3245
3	J	3245
4	J	3246
1	J	3246
11	J	3246
10	J	3247
9	J	3247
8	J	3247
7	J	3247
6	J	3247
3	J	3247
4	J	3247
1	J	3248
11	J	3248
10	J	3248
9	J	3248
8	J	3248
7	J	3248
6	J	3249
3	J	3249
4	J	3249
1	J	3249
11	J	3249
10	J	3249
9	J	3249
8	J	3250
7	J	3250
6	J	3250
3	J	3250
4	J	3250
1	J	3250
11	J	3251
10	J	3251
9	J	3251
8	J	3251
7	J	3251
6	J	3251
3	J	3251
4	J	3252
1	J	3252
11	J	3252
10	J	3252
9	J	3252
8	J	3252
7	J	3252
6	J	3253
3	J	3253
4	J	3253
1	J	3253
11	J	3253
10	J	3253
9	J	3254
8	J	3254
7	J	3254
6	J	3254
3	J	3254
4	J	3254
1	J	3254
11	J	3255
10	J	3255
9	J	3255
8	J	3255
7	J	3255
6	J	3255
3	J	3255
4	J	3256
1	J	3256
11	J	3256
10	J	3256
9	J	3256
8	J	3256
7	J	3257
6	J	3257
3	J	3257
4	J	3257
1	J	3257
3	R	3257
3	W	3271
11	J	3271
10	J	3271
9	J	3271
8	J	3271
7	J	3271
6	J	3272
3	J	3272
4	J	3272
1	J	3272
11	J	3272
10	J	3272
9	J	3273
8	J	3273
7	J	3273
6	J	3273
3	J	3273
4	J	3273
1	J	3273
11	J	3274
10	J	3274
9	J	3274
8	J	3274
7	J	3274
6	J	3274
3	J	3274
4	J	3275
1	J	3275
11	J	3275
10	J	3275
9	J	3275
8	J	3275
7	J	3276
6	J	3276
3	J	3276
4	J	3276
1	J	3276
11	J	3276
10	J	3277
9	J	3277
8	J	3277
7	J	3277
6	J	3278
3	J	3278
4	J	3278
1	J	3278
11	J	3278
10	J	3278
9	J	3279
8	J	3279
7	J	3279
6	J	3279
3	J	3279
4	J	3279
1	J	3279
11	J	3280
10	J	3280
9	J	3280
8	J	3280
7	J	3280
6	J	3280
3	J	3280
4	J	3281
1	J	3281
11	J	3281
10	J	3281
9	J	3281
8	J	3281
7	J	3282
6	J	3282
3	J	3282
4	J	3282
1	J	3282
11	J	3282
10	J	3283
9	J	3283
8	J	3283
7	J	3283
6	J	3283
3	J	3283
4	J	3283
1	J	3284
11	J	3284
10	J	3284
9	J	3284
8	J	3284
7	J	3284
6	J	3284
3	J	3285
4	J	3285
1	J	3285
11	J	3285
10	J	3285
9	J	3285
8	J	3286
7	J	3286
6	J	3286
3	J	3286
4	J	3286
1	J	3286
11	J	3286
10	J	3287
9	J	3287
8	J	3287
7	J	3287
6	J	3287
3	J	3287
4	J	3287
1	J	3288
11	J	3288
10	J	3288
9	J	3288
8	J	3288
7	J	3288
6	J	3289
3	J	3289
4	J	3289
1	J	3289
11	J	3289
10	J	3289
9	J	3290
8	J	3290
7	J	3290
6	J	3290
3	J	3290
4	J	3290
1	J	3290
11	J	3291
10	J	3291
9	J	3291
8	J	3291
7	J	3291
6	J	3291
3	J	3291
4	J	3292
1	J	3292
11	J	3292
10	J	3292
9	J	3292
8	J	3292
7	J	3293
6	J	3293
3	J	3293
4	J	3293
1	J	3293
11	J	3293
10	J	3293
9	J	3294
8	J	3294
7	J	3294
6	J	3295
3	J	3295
4	J	3295
1	J	3295
11	J	3295
10	J	3295
9	J	3296
8	J	3296
7	J	3296
6	J	3296
3	J	3296
4	J	3296
1	J	3296
11	J	3297
10	J	3297
9	J	3297
8	J	3297
7	J	3297
6	J	3297
3	J	3297
4	J	3298
1	J	3298
11	J	3298
10	J	3298
9	J	3298
8	J	3298
7	J	3299
6	J	3299
3	J	3299
4	J	3299
1	J	3299
11	J	3299
10	J	3299
9	J	3300
8	J	3300
7	J	3300
6	J	3300
3	J	3300
4	J	3300
1	J	3300
11	J	3301
10	J	3301
9	J	3301
8	J	3301
7	J	3301
6	J	3301
3	J	3302
4	J	3302
1	J	3302
11	J	3302
10	J	3302
9	J	3302
8	J	3302
7	J	3303
6	J	3303
3	J	3303
4	J	3303
1	J	3303
11	J	3303
10	J	3304
9	J	3304
8	J	3304
7	J	3304
6	J	3304
3	J	3304
4	J	3304
1	J	3305
11	J	3305
10	J	3305
9	J	3305
8	J	3305
7	J	3305
6	J	3306
3	J	3306
4	J	3306
1	J	3306
11	J	3306
10	J	3306
9	J	3306
8	J	3307
7	J	3307
6	J	3307
3	J	3307
4	J	3307
1	J	3307
11	J	3308
10	J	3308
9	J	3308
8	J	3308
7	J	3308
6	J	3308
3	J	3308
4	J	3309
1	J	3309
11	J	3309
10	J	3309
9	J	3309
8	J	3309
7	J	3309
6	J	3310
3	J	3310
4	J	3310
1	J	3310
11	J	3310
10	J	3310
9	J	3311
8	J	3311
7	J	3311
6	J	3311
3	J	3311
4	J	3311
1	J	3312
11	J	3312
10	J	3312
9	J	3312
8	J	3313
7	J	3313
6	J	3313
3	J	3313
4	J	3313
1	J	3313
11	J	3313
10	J	3314
9	J	3314
8	J	3314
7	J	3314
6	J	3314
3	J	3314
4	J	3314
1	J	3315
11	J	3315
10	J	3315
9	J	3315
8	J	3315
7	J	3315
6	J	3316
3	J	3316
4	J	3316
1	J	3316
11	J	3316
10	J	3316
9	J	3317
8	J	3317
7	J	3317
6	J	3317
3	J	3317
4	J	3317
1	J	3317
11	J	3318
10	J	3318
9	J	3318
8	J	3318
7	J	3318
6	J	3318
3	J	3318
4	J	3319
1	J	3319
11	J	3319
10	J	3319
9	J	3319
8	J	3319
7	J	3320
6	J	3320
3	J	3320
4	J	3320
1	J	3320
8	R	3320
8	W	3321
11	J	3321
10	J	3321
9	J	3321
8	J	3321
7	J	3321
6	J	3321
3	J	3322
4	J	3322
1	J	3322
10	R	3322
10	W	3322
11	J	3322
10	J	3323
9	J	3323
8	J	3323
7	J	3323
6	J	3323
3	J	3323
4	J	3323
1	J	3324
11	J	3324
10	J	3324
9	J	3324
8	J	3324
7	J	3324
6	J	3325
3	J	3325
4	J	3325
1	J	3325
11	R	3325
11	W	3325
11	J	3326
10	J	3326
9	J	3326
8	J	3326
7	J	3326
6	J	3326
3	J	3326
4	J	3327
1	J	3327
9	R	3327
9	W	3327
11	J	3327
10	J	3327
9	J	3328
8	J	3328
7	J	3328
6	J	3328
3	J	3328
4	J	3328
1	J	3328
11	J	3329
10	J	3329
9	J	3329
8	J	3330
7	J	3330
6	J	3330
3	J	3330
4	J	3330
1	J	3330
11	J	3330
10	J	3331
9	J	3331
8	J	3331
7	J	3331
6	J	3331
3	J	3331
4	J	3331
1	J	3332
11	J	3332
10	J	3332
9	J	3332
8	J	3332
7	J	3332
6	J	3333
3	J	3333
4	J	3333
1	J	3333
11	J	3333
10	J	3333
9	J	3334
8	J	3334
7	J	3334
6	J	3334
3	J	3334
4	J	3334
1	J	3334
11	J	3335
10	J	3335
9	J	3335
8	J	3335
7	J	3335
6	J	3335
3	J	3335
4	J	3336
1	J	3336
11	J	3336
10	J	3336
9	J	3336
8	J	3336
7	J	3337
6	J	3337
3	J	3337
4	J	3337
1	J	3337
11	J	3337
10	J	3337
9	J	3338
8	J	3338
7	J	3338
6	J	3338
3	J	3338
4	J	3338
1	J	3338
11	J	3339
10	J	3339
9	J	3339
8	J	3339
7	J	3339
6	J	3339
3	J	3340
4	J	3340
1	J	3340
11	J	3340
10	J	3340
9	J	3340
8	J	3341
7	J	3341
6	J	3341
3	J	3341
4	J	3341
1	J	3341
11	J	3341
10	J	3342
9	J	3342
8	J	3342
7	J	3342
6	J	3342
3	J	3342
4	J	3342
1	J	3343
11	J	3343
10	J	3343
9	J	3343
8	J	3343
7	J	3343
6	J	3344
3	J	3344
4	J	3344
1	J	3344
11	J	3344
10	J	3344
9	J	3344
8	J	3345
7	J	3345
6	J	3345
3	J	3345
4	J	3345
1	J	3345
11	J	3346
10	J	3346
9	J	3346
8	J	3346
7	J	3346
6	J	3347
3	J	3347
4	J	3347
1	J	3347
11	J	3347
10	J	3348
9	J	3348
8	J	3348
7	J	3348
6	J	3348
3	J	3348
4	J	3348
1	J	3349
11	J	3349
10	J	3349
9	J	3349
8	J	3349
7	J	3349
6	J	3350
3	J	3350
4	J	3350
1	J	3350
11	J	3350
10	J	3350
9	J	3350
8	J	3351
7	J	3351
6	J	3351
3	J	3351
4	J	3351
1	J	3351
11	J	3352
10	J	3352
9	J	3352
8	J	3352
7	J	3352
6	J	3352
3	J	3352
4	J	3353
1	J	3353
11	J	3353
10	J	3353
9	J	3353
8	J	3353
7	J	3353
6	J	3354
3	J	3354
4	J	3354
1	J	3354
11	J	3354
10	J	3354
9	J	3355
8	J	3355
7	J	3355
6	J	3355
3	J	3355
4	J	3355
1	J	3355
11	J	3356
10	J	3356
9	J	3356
8	J	3356
7	J	3356
6	J	3356
3	J	3356
4	J	3357
1	J	3357
11	J	3357
10	J	3357
9	J	3357
8	J	3357
7	J	3358
6	J	3358
3	J	3358
4	J	3358
1	J	3358
11	J	3358
10	J	3359
9	J	3359
8	J	3359
7	J	3359
6	J	3359
3	J	3359
4	J	3359
1	J	3360
11	J	3360
10	J	3360
9	J	3360
8	J	3360
7	J	3360
6	J	3360
3	J	3361
4	J	3361
1	J	3361
11	J	3361
10	J	3361
9	J	3361
8	J	3362
7	J	3362
6	J	3362
3	J	3362
4	J	3362
1	J	3362
11	J	3362
10	J	3363
9	J	3363
8	J	3363
7	J	3363
6	J	3363
3	J	3363
4	J	3363
1	J	3364
11	J	3364
10	J	3365
9	J	3365
8	J	3365
7	J	3365
6	J	3365
3	J	3365
4	J	3365
1	J	3366
11	J	3366
10	J	3366
9	J	3366
8	J	3366
7	J	3366
6	J	3366
3	J	3367
4	J	3367
1	J	3367
11	J	3367
10	J	3367
9	J	3367
8	J	3368
7	J	3368
6	J	3368
3	J	3368
4	J	3368
1	J	3368
11	J	3368
10	J	3369
9	J	3369
8	J	3369
7	J	3369
6	J	3369
3	J	3369
4	J	3369
1	J	3370
11	J	3370
10	J	3370
9	J	3370
8	J	3370
7	J	3370
6	J	3371
3	J	3371
4	J	3371
1	J	3371
11	J	3371
10	J	3371
9	J	3372
8	J	3372
7	J	3372
6	J	3372
3	J	3372
4	J	3372
1	J	3372
11	J	3373
10	J	3373
9	J	3373
8	J	3373
7	J	3373
6	J	3373
3	J	3373
4	J	3374
1	J	3374
11	J	3374
10	J	3374
9	J	3374
8	J	3374
7	J	3375
6	J	3375
3	J	3375
4	J	3375
1	J	3375
11	J	3375
10	J	3375
9	J	3376
8	J	3376
7	J	3376
6	J	3376
3	J	3376
4	J	3376
1	J	3376
11	J	3377
10	J	3377
9	J	3377
8	J	3377
7	J	3377
6	J	3377
3	J	3378
4	J	3378
1	J	3378
11	J	3378
10	J	3378
9	J	3378
8	J	3378
7	J	3379
6	J	3379
3	J	3379
4	J	3379
1	J	3379
11	J	3379
10	J	3380
9	J	3380
8	J	3380
7	J	3380
6	J	3380
3	J	3380
4	J	3380
1	J	3381
11	J	3381
10	J	3381
9	J	3382
8	J	3382
7	J	3382
6	J	3382
3	J	3382
4	J	3382
1	J	3382
11	J	3383
10	J	3383
9	J	3383
8	J	3383
7	J	3383
6	J	3383
3	J	3384
4	J	3384
1	J	3384
11	J	3384
10	J	3384
9	J	3384
8	J	3384
7	J	3385
6	J	3385
3	J	3385
4	J	3385
1	J	3385
11	J	3385
10	J	3386
9	J	3386
8	J	3386
7	J	3386
6	J	3386
3	J	3386
4	J	3386
1	J	3387
11	J	3387
10	J	3387
9	J	3387
8	J	3387
7	J	3387
6	J	3388
3	J	3388
4	J	3388
1	J	3388
11	J	3388
10	J	3388
9	J	3388
8	J	3389
7	J	3389
6	J	3389
3	J	3389
4	J	3389
1	J	3389
11	J	3390
10	J	3390
9	J	3390
8	J	3390
7	J	3390
6	J	3390
3	J	3390
4	J	3391
1	J	3391
11	J	3391
10	J	3391
9	J	3391
8	J	3391
7	J	3391
6	J	3392
3	J	3392
4	J	3392
1	J	3392
11	J	3392
10	J	3392
9	J	3393
8	J	3393
7	J	3393
6	J	3393
3	J	3393
4	J	3393
1	J	3393
11	J	3394
10	J	3394
9	J	3394
8	J	3394
7	J	3394
6	J	3394
3	J	3394
4	J	3395
1	J	3395
11	J	3395
10	J	3395
9	J	3395
8	J	3395
7	J	3396
6	J	3396
3	J	3396
4	J	3396
1	J	3396
11	J	3396
10	J	3397
9	J	3397
8	J	3397
7	J	3397
6	J	3397
3	J	3397
4	J	3397
1	J	3397
11	J	3398
10	J	3398
9	J	3398
8	J	3398
7	J	3398
6	J	3399
3	J	3399
4	J	3399
1	J	3399
11	J	3400
10	J	3400
9	J	3400
8	J	3400
7	J	3400
6	J	3400
3	J	3400
4	J	3401
1	J	3401
11	J	3401
10	J	3401
9	J	3401
8	J	3401
7	J	3402
6	J	3402
3	J	3402
4	J	3402
1	J	3402
11	J	3402
10	J	3403
9	J	3403
8	J	3403
7	J	3403
6	J	3403
3	J	3403
4	J	3403
1	J	3403
11	J	3404
10	J	3404
9	J	3404
8	J	3404
7	J	3404
6	J	3404
3	J	3405
4	J	3405
1	J	3405
11	J	3405
10	J	3405
9	J	3405
8	J	3406
7	J	3406
6	J	3406
3	J	3406
4	J	3406
1	J	3406
11	J	3406
10	J	3407
9	J	3407
8	J	3407
7	J	3407
6	J	3407
3	J	3407
4	J	3407
1	J	3408
11	J	3408
10	J	3408
9	J	3408
8	J	3408
7	J	3408
6	J	3409
3	J	3409
4	J	3409
1	J	3409
11	J	3409
10	J	3409
9	J	3409
8	J	3410
7	J	3410
6	J	3410
3	J	3410
4	J	3410
1	J	3410
11	J	3411
10	J	3411
9	J	3411
8	J	3411
7	J	3411
6	J	3411
3	J	3411
4	J	3412
1	J	3412
11	J	3412
10	J	3412
9	J	3412
8	J	3412
7	J	3413
6	J	3413
3	J	3413
4	J	3413
1	J	3413
11	J	3413
10	J	3413
9	J	3414
8	J	3414
7	J	3414
6	J	3414
3	J	3414
4	J	3414
1	J	3414
11	J	3415
10	J	3415
9	J	3415
8	J	3415
7	J	3415
6	J	3415
3	J	3416
4	J	3416
1	J	3416
11	J	3417
10	J	3417
9	J	3417
8	J	3417
7	J	3417
6	J	3417
3	J	3417
4	J	3418
1	J	3418
11	J	3418
10	J	3418
9	J	3418
8	J	3418
7	J	3418
6	J	3419
3	J	3419
4	J	3419
1	J	3419
11	J	3419
10	J	3419
9	J	3420
8	J	3420
7	J	3420
6	J	3420
3	J	3420
4	J	3420
1	J	3420
11	J	3421
10	J	3421
9	J	3421
8	J	3421
7	J	3421
6	J	3421
3	J	3421
4	J	3422
1	J	3422
11	J	3422
10	J	3422
9	J	3422
8	J	3422
7	J	3423
6	J	3423
3	J	3423
4	J	3423
1	J	3423
8	R	3423
8	W	3424
11	J	3424
10	J	3424
9	J	3424
8	J	3424
7	J	3424
6	J	3424
3	J	3425
4	J	3425
1	J	3425
10	R	3425
10	W	3425
11	J	3425
10	J	3426
9	J	3426
8	J	3426
7	J	3426
6	J	3426
3	J	3426
4	J	3426
1	J	3427
11	J	3427
10	J	3427
9	J	3427
8	J	3427
7	J	3427
6	J	3428
3	J	3428
4	J	3428
1	J	3428
11	R	3428
11	W	3428
11	J	3429
10	J	3429
9	J	3429
8	J	3429
7	J	3429
6	J	3429
3	J	3429
4	J	3430
1	J	3430
9	R	3430
9	E	3430
11	J	3433
10	J	3433
9	J	3433
8	J	3433
7	J	3433
6	J	3433
3	J	3433
4	J	3434
1	J	3434
8	R	3434
8	W	3434
11	J	3434
10	J	3434
9	J	3435
8	J	3435
7	J	3435
6	J	3435
3	J	3435
4	J	3435
1	J	3435
11	J	3436
10	J	3436
9	J	3437
8	J	3437
7	J	3437
6	J	3437
3	J	3437
4	J	3437
1	J	3437
11	J	3438
10	J	3438
9	J	3438
8	J	3438
7	J	3438
6	J	3438
3	J	3438
4	J	3439
1	J	3439
11	J	3439
10	J	3439
9	J	3439
8	J	3439
7	J	3440
6	J	3440
3	J	3440
4	J	3440
1	J	3440
11	J	3440
10	J	3440
9	J	3441
8	J	3441
7	J	3441
6	J	3441
3	J	3441
4	J	3441
1	J	3441
11	J	3442
10	J	3442
9	J	3442
8	J	3442
7	J	3442
6	J	3442
3	J	3443
4	J	3443
1	J	3443
11	J	3443
10	J	3443
9	J	3443
8	J	3444
7	J	3444
6	J	3444
3	J	3444
4	J	3444
1	J	3444
11	J	3444
10	J	3445
9	J	3445
8	J	3445
7	J	3445
6	J	3445
3	J	3445
4	J	3445
1	J	3446
11	J	3446
10	J	3446
9	J	3446
8	J	3446
7	J	3446
6	J	3447
3	J	3447
4	J	3447
1	J	3447
11	J	3447
10	J	3447
9	J	3447
8	J	3448
7	J	3448
6	J	3448
3	J	3448
4	J	3448
1	J	3448
11	J	3449
10	J	3449
9	J	3449
8	J	3449
7	J	3449
6	J	3449
3	J	3449
4	J	3450
1	J	3450
11	J	3450
10	J	3450
9	J	3450
8	J	3450
7	J	3450
6	J	3451
3	J	3451
4	J	3451
1	J	3451
11	J	3451
10	J	3451
9	J	3452
8	J	3452
7	J	3452
6	J	3452
3	J	3452
4	J	3452
1	J	3452
11	J	3453
10	J	3453
9	J	3453
8	J	3453
7	J	3454
6	J	3454
3	J	3454
4	J	3454
1	J	3454
11	J	3455
10	J	3455
9	J	3455
8	J	3455
7	J	3455
6	J	3455
3	J	3455
4	J	3456
1	J	3456
11	J	3456
10	J	3456
9	J	3456
8	J	3456
7	J	3456
6	J	3457
3	J	3457
4	J	3457
1	J	3457
11	J	3457
10	J	3457
9	J	3458
8	J	3458
7	J	3458
6	J	3458
3	J	3458
4	J	3458
1	J	3458
11	J	3459
10	J	3459
9	J	3459
8	J	3459
7	J	3459
6	J	3459
3	J	3460
4	J	3460
1	J	3460
11	J	3460
10	J	3460
9	J	3460
8	J	3460
7	J	3461
6	J	3461
3	J	3461
4	J	3461
1	J	3461
11	J	3461
10	J	3462
9	J	3462
8	J	3462
7	J	3462
6	J	3462
3	J	3462
4	J	3462
1	J	3463
11	J	3463
10	J	3463
9	J	3463
8	J	3463
7	J	3463
6	J	3463
3	J	3464
4	J	3464
1	J	3464
11	J	3464
10	J	3464
9	J	3464
8	J	3465
7	J	3465
6	J	3465
3	J	3465
4	J	3465
1	J	3465
11	J	3465
10	J	3466
9	J	3466
8	J	3466
7	J	3466
6	J	3466
3	J	3466
4	J	3466
1	J	3467
11	J	3467
10	J	3467
9	J	3467
8	J	3467
7	J	3467
6	J	3468
3	J	3468
4	J	3468
1	J	3468
11	J	3468
10	J	3468
9	J	3469
8	J	3469
7	J	3469
6	J	3469
3	J	3469
4	J	3469
1	J	3469
11	J	3470
10	J	3470
9	J	3470
8	J	3470
7	J	3470
6	J	3470
3	J	3470
4	J	3471
1	J	3471
11	J	3471
10	J	3472
9	J	3472
8	J	3472
7	J	3472
6	J	3472
3	J	3472
4	J	3472
1	J	3473
11	J	3473
10	J	3473
9	J	3473
8	J	3473
7	J	3473
6	J	3474
3	J	3474
4	J	3474
1	J	3474
11	J	3474
10	J	3474
9	J	3475
8	J	3475
7	J	3475
6	J	3475
3	J	3475
4	J	3475
1	J	3475
11	J	3476
10	J	3476
9	J	3476
8	J	3476
7	J	3476
6	J	3476
3	J	3476
4	J	3477
1	J	3477
11	J	3477
10	J	3477
9	J	3477
8	J	3477
7	J	3478
6	J	3478
3	J	3478
4	J	3478
1	J	3478
11	J	3478
10	J	3478
9	J	3479
8	J	3479
7	J	3479
6	J	3479
3	J	3479
4	J	3479
1	J	3479
11	J	3480
10	J	3480
9	J	3480
8	J	3480
7	J	3480
6	J	3480
3	J	3481
4	J	3481
1	J	3481
11	J	3481
10	J	3481
9	J	3481
8	J	3481
7	J	3482
6	J	3482
3	J	3482
4	J	3482
1	J	3482
11	J	3482
10	J	3483
9	J	3483
8	J	3483
7	J	3483
6	J	3483
3	J	3483
4	J	3483
1	J	3484
11	J	3484
10	J	3484
9	J	3484
8	J	3484
7	J	3484
6	J	3484
3	J	3485
4	J	3485
1	J	3485
11	J	3485
10	J	3485
9	J	3485
8	J	3486
7	J	3486
6	J	3486
3	J	3486
4	J	3486
1	J	3486
11	J	3487
10	J	3487
9	J	3487
8	J	3487
7	J	3487
6	J	3487
3	J	3487
4	J	3488
1	J	3488
11	J	3488
10	J	3489
9	J	3489
8	J	3489
7	J	3489
6	J	3489
3	J	3489
4	J	3489
1	J	3490
11	J	3490
10	J	3490
9	J	3490
8	J	3490
7	J	3490
6	J	3490
3	J	3491
4	J	3491
1	J	3491
11	J	3491
10	J	3491
9	J	3491
8	J	3492
7	J	3492
6	J	3492
3	J	3492
4	J	3492
1	J	3492
11	J	3493
10	J	3493
9	J	3493
8	J	3493
7	J	3493
6	J	3493
3	J	3493
4	J	3494
1	J	3494
11	J	3494
10	J	3494
9	J	3494
8	J	3494
7	J	3494
6	J	3495
3	J	3495
4	J	3495
1	J	3495
11	J	3495
10	J	3495
9	J	3496
8	J	3496
7	J	3496
6	J	3496
3	J	3496
4	J	3496
1	J	3496
11	J	3497
10	J	3497
9	J	3497
8	J	3497
7	J	3497
6	J	3497
3	J	3497
4	J	3498
1	J	3498
11	J	3498
10	J	3498
9	J	3498
8	J	3498
7	J	3499
6	J	3499
3	J	3499
4	J	3499
1	J	3499
11	J	3499
10	J	3499
9	J	3500
8	J	3500
7	J	3500
6	J	3500
3	J	3500
4	J	3500
1	J	3500
11	J	3501
10	J	3501
9	J	3501
8	J	3501
7	J	3501
6	J	3501
3	J	3502
4	J	3502
1	J	3502
11	J	3502
10	J	3502
9	J	3502
8	J	3503
7	J	3503
6	J	3503
3	J	3503
4	J	3503
1	J	3503
11	J	3503
10	J	3504
9	J	3504
8	J	3504
7	J	3504
6	J	3504
3	J	3504
4	J	3504
1	J	3505
11	J	3505
10	J	3505
9	J	3505
8	J	3505
7	J	3506
6	J	3506
3	J	3506
4	J	3506
1	J	3506
11	J	3507
10	J	3507
9	J	3507
8	J	3507
7	J	3507
6	J	3507
3	J	3508
4	J	3508
1	J	3508
11	J	3508
10	J	3508
9	J	3508
8	J	3509
7	J	3509
6	J	3509
3	J	3509
4	J	3509
1	J	3509
11	J	3509
10	J	3510
9	J	3510
8	J	3510
7	J	3510
6	J	3510
3	J	3510
4	J	3510
1	J	3511
11	J	3511
10	J	3511
9	J	3511
8	J	3511
7	J	3511
6	J	3512
3	J	3512
4	J	3512
1	J	3512
11	J	3512
10	J	3512
9	J	3512
8	J	3513
7	J	3513
6	J	3513
3	J	3513
4	J	3513
1	J	3513
11	J	3514
10	J	3514
9	J	3514
8	J	3514
7	J	3514
6	J	3514
3	J	3514
4	J	3515
1	J	3515
11	J	3515
10	J	3515
9	J	3515
8	J	3515
7	J	3515
6	J	3516
3	J	3516
4	J	3516
1	J	3516
11	J	3516
10	J	3516
9	J	3517
8	J	3517
7	J	3517
6	J	3517
3	J	3517
4	J	3517
1	J	3517
11	J	3518
10	J	3518
9	J	3518
8	J	3518
7	J	3518
6	J	3518
3	J	3519
4	J	3519
1	J	3519
11	J	3519
10	J	3519
9	J	3519
8	J	3519
7	J	3520
6	J	3520
3	J	3520
4	J	3520
1	J	3520
11	J	3520
10	J	3521
9	J	3521
8	J	3521
7	J	3521
6	J	3521
3	J	3521
4	J	3521
1	J	3522
11	J	3522
10	J	3522
9	J	3522
8	J	3522
7	J	3522
6	J	3522
3	J	3523
4	J	3523
1	J	3523
11	J	3524
10	J	3524
9	J	3524
8	J	3524
7	J	3524
6	J	3524
3	J	3524
4	J	3525
1	J	3525
11	J	3525
10	J	3525
9	J	3525
8	J	3525
7	J	3526
6	J	3526
3	J	3526
4	J	3526
1	J	3526
11	J	3526
10	J	3526
9	J	3527
8	J	3527
7	J	3527
6	J	3527
3	J	3527
4	J	3527
1	J	3527
10	R	3528
10	W	3528
11	J	3528
10	J	3528
9	J	3528
8	J	3528
7	J	3529
6	J	3529
3	J	3529
4	J	3529
1	J	3529
11	J	3529
10	J	3530
9	J	3530
8	J	3530
7	J	3530
6	J	3530
3	J	3530
4	J	3530
1	J	3531
11	R	3531
11	E	3531
11	J	3533
10	J	3534
9	J	3534
8	J	3534
7	J	3534
6	J	3534
3	J	3534
4	J	3534
1	J	3535
7	R	3535
10	J	3535
9	J	3535
8	J	3535
7	J	3535
6	J	3536
3	J	3536
4	J	3536
1	J	3536
7	J	3536
8	R	3536
10	J	3537
8	J	3537
7	J	3538
6	J	3538
3	J	3538
4	J	3538
1	J	3538
8	E	3539
10	J	3541
8	J	3541
7	J	3541
6	J	3541
3	J	3541
4	J	3542
1	J	3542
6	R	3542
10	J	3542
7	J	3542
6	J	3542
3	J	3543
4	J	3543
1	J	3543
6	W	3543
10	J	3543
7	J	3543
6	J	3544
3	J	3544
4	J	3544
1	J	3544
7	R	3544
7	W	3544
10	J	3545
7	J	3545
6	J	3545
3	J	3545
4	J	3545
1	J	3545
10	J	3546
7	J	3546
6	J	3546
3	J	3546
4	J	3547
1	J	3547
10	J	3547
7	J	3547
6	J	3547
3	J	3547
4	J	3548
1	J	3548
10	J	3548
7	J	3548
6	J	3548
3	J	3548
4	J	3549
1	J	3549
10	J	3549
7	J	3549
6	J	3549
3	J	3549
4	J	3549
1	J	3550
10	J	3550
7	J	3550
6	J	3550
3	J	3550
4	J	3550
1	J	3551
10	J	3551
7	J	3551
6	J	3551
3	J	3551
4	J	3551
1	J	3551
10	J	3552
7	J	3552
6	J	3552
3	J	3552
4	J	3552
1	J	3552
10	J	3553
7	J	3553
6	J	3553
3	J	3553
4	J	3553
1	J	3553
10	J	3554
7	J	3554
6	J	3554
3	J	3554
4	J	3554
1	J	3554
10	J	3555
7	J	3555
6	J	3555
3	J	3555
4	J	3555
1	J	3555
10	J	3555
7	J	3556
6	J	3556
3	J	3556
4	J	3556
1	J	3556
10	J	3556
7	J	3557
6	J	3557
3	J	3557
4	J	3557
1	J	3557
10	J	3557
7	J	3558
6	J	3558
3	J	3558
4	J	3558
1	J	3558
10	J	3558
7	J	3558
6	J	3559
3	J	3559
4	J	3559
1	J	3559
10	J	3559
7	J	3559
6	J	3560
3	J	3560
4	J	3560
1	J	3560
10	J	3560
7	J	3560
6	J	3560
3	J	3561
4	J	3561
1	J	3561
10	J	3561
7	J	3561
6	J	3561
3	J	3562
4	J	3562
1	J	3562
10	J	3562
7	J	3562
6	J	3562
3	J	3562
4	J	3563
1	J	3563
10	J	3563
7	J	3563
6	J	3563
3	J	3563
4	J	3564
1	J	3564
10	J	3564
7	J	3565
6	J	3565
3	J	3565
4	J	3565
1	J	3565
10	J	3565
7	J	3566
6	J	3566
3	J	3566
4	J	3566
1	J	3566
10	J	3566
7	J	3567
6	J	3567
3	J	3567
4	J	3567
1	J	3567
10	J	3567
7	J	3567
6	J	3568
3	J	3568
4	J	3568
1	J	3568
10	J	3568
7	J	3568
6	J	3569
3	J	3569
4	J	3569
1	J	3569
10	J	3569
7	J	3569
6	J	3569
3	J	3570
4	J	3570
1	J	3570
10	J	3570
7	J	3570
6	J	3570
3	J	3571
4	J	3571
1	J	3571
10	J	3571
7	J	3571
6	J	3571
3	J	3571
4	J	3572
1	J	3572
10	J	3572
7	J	3572
6	J	3572
3	J	3572
4	J	3573
1	J	3573
10	J	3573
7	J	3573
6	J	3573
3	J	3573
4	J	3574
1	J	3574
10	J	3574
7	J	3574
6	J	3574
3	J	3574
4	J	3574
1	J	3575
10	J	3575
7	J	3575
6	J	3575
3	J	3575
4	J	3575
1	J	3576
10	J	3576
7	J	3576
6	J	3576
3	J	3576
4	J	3576
1	J	3576
10	J	3577
7	J	3577
6	J	3577
3	J	3577
4	J	3577
1	J	3577
10	J	3578
7	J	3578
6	J	3578
3	J	3578
4	J	3578
1	J	3578
10	J	3579
7	J	3579
6	J	3579
3	J	3579
4	J	3579
1	J	3579
10	J	3580
7	J	3580
6	J	3580
3	J	3580
4	J	3580
1	J	3580
10	J	3580
7	J	3581
6	J	3581
3	J	3581
4	J	3581
1	J	3581
10	J	3581
7	J	3582
6	J	3582
3	J	3582
4	J	3582
1	J	3583
10	J	3583
7	J	3583
6	J	3583
3	J	3583
4	J	3583
1	J	3584
10	J	3584
7	J	3584
6	J	3584
3	J	3584
4	J	3584
1	J	3585
10	J	3585
7	J	3585
6	J	3585
3	J	3585
4	J	3585
1	J	3585
10	J	3586
7	J	3586
6	J	3586
3	J	3586
4	J	3586
1	J	3586
10	J	3587
7	J	3587
6	J	3587
3	J	3587
4	J	3587
1	J	3587
10	J	3588
7	J	3588
6	J	3588
3	J	3588
4	J	3588
1	J	3588
10	J	3589
7	J	3589
6	J	3589
3	J	3589
4	J	3589
1	J	3589
10	J	3589
7	J	3590
6	J	3590
3	J	3590
4	J	3590
1	J	3590
10	J	3590
7	J	3591
6	J	3591
3	J	3591
4	J	3591
1	J	3591
10	J	3591
7	J	3592
6	J	3592
3	J	3592
4	J	3592
1	J	3592
10	J	3592
7	J	3592
6	J	3593
3	J	3593
4	J	3593
1	J	3593
10	J	3593
7	J	3593
6	J	3594
3	J	3594
4	J	3594
1	J	3594
10	J	3594
7	J	3594
6	J	3594
3	J	3595
4	J	3595
1	J	3595
10	J	3595
7	J	3595
6	J	3595
3	J	3596
4	J	3596
1	J	3596
10	J	3596
7	J	3596
6	J	3596
3	J	3597
4	J	3597
1	J	3597
10	J	3597
7	J	3597
6	J	3597
3	J	3597
4	J	3598
1	J	3598
10	J	3598
7	J	3598
6	J	3598
3	J	3598
4	J	3599
1	J	3599
10	J	3599
7	J	3599
6	J	3599
3	J	3599
4	J	3599
1	J	3600
10	J	3600
7	J	3600
6	J	3600
3	J	3601
4	J	3601
1	J	3601
10	J	3601
7	J	3601
6	J	3602
3	J	3602
4	J	3602
1	J	3602
10	J	3602
7	J	3602
6	J	3603
3	J	3603
4	J	3603
1	J	3603
10	J	3603
7	J	3603
6	J	3603
3	J	3604
4	J	3604
1	J	3604
10	J	3604
7	J	3604
6	J	3604
3	J	3605
4	J	3605
1	J	3605
10	J	3605
7	J	3605
6	J	3605
3	J	3606
4	J	3606
1	J	3606
10	J	3606
7	J	3606
6	J	3606
3	J	3606
4	J	3607
1	J	3607
10	J	3607
7	J	3607
6	J	3607
3	J	3607
4	J	3608
1	J	3608
10	J	3608
7	J	3608
6	J	3608
3	J	3608
4	J	3608
1	J	3609
10	J	3609
7	J	3609
6	J	3609
3	J	3609
4	J	3609
1	J	3610
10	J	3610
7	J	3610
6	J	3610
3	J	3610
4	J	3610
1	J	3610
10	J	3611
7	J	3611
6	J	3611
3	J	3611
4	J	3611
1	J	3611
10	J	3612
7	J	3612
6	J	3612
3	J	3612
4	J	3612
1	J	3612
10	J	3613
7	J	3613
6	J	3613
3	J	3613
4	J	3613
1	J	3613
10	J	3614
7	J	3614
6	J	3614
3	J	3614
4	J	3614
1	J	3614
10	J	3614
7	J	3615
6	J	3615
3	J	3615
4	J	3615
1	J	3615
10	J	3615
7	J	3616
6	J	3616
3	J	3616
4	J	3616
1	J	3616
10	J	3616
7	J	3617
6	J	3617
3	J	3617
4	J	3617
1	J	3617
10	J	3617
7	J	3617
6	J	3618
3	J	3618
4	J	3618
1	J	3618
10	J	3618
7	J	3619
6	J	3619
3	J	3619
4	J	3619
1	J	3620
10	J	3620
7	J	3620
6	J	3620
3	J	3620
4	J	3620
1	J	3620
10	J	3621
7	J	3621
6	J	3621
3	J	3621
4	J	3621
1	J	3621
10	J	3622
7	J	3622
6	J	3622
3	J	3622
4	J	3622
1	J	3622
10	J	3623
7	J	3623
6	J	3623
3	J	3623
4	J	3623
1	J	3623
10	J	3624
7	J	3624
6	J	3624
3	J	3624
4	J	3624
1	J	3624
10	J	3624
7	J	3625
6	J	3625
3	J	3625
4	J	3625
1	J	3625
10	J	3625
7	J	3626
6	J	3626
3	J	3626
4	J	3626
1	J	3626
10	J	3626
7	J	3626
6	J	3627
3	J	3627
4	J	3627
1	J	3627
10	J	3627
7	J	3627
6	J	3628
3	J	3628
4	J	3628
1	J	3628
10	J	3628
7	J	3628
6	J	3628
3	J	3629
4	J	3629
1	J	3629
10	J	3629
7	J	3629
6	J	3629
3	J	3630
4	J	3630
1	J	3630
10	R	3630
10	E	3631
10	J	3633
7	J	3633
6	J	3633
3	J	3633
4	J	3633
1	J	3634
7	R	3634
7	J	3634
6	J	3634
3	J	3634
4	J	3634
1	J	3635
7	E	3635
7	J	3637
6	J	3637
3	J	3638
4	J	3638
1	J	3638
6	R	3638
6	J	3638
3	J	3638
4	J	3639
1	J	3639
6	E	3639
6	J	3641
3	J	3642
4	J	3642
1	J	3642
4	R	3642
3	J	3642
4	J	3642
1	J	3643
12	N	3644
12	J	3647
4	W	3648
12	J	3649
3	J	3649
4	J	3649
1	J	3649
12	R	3650
4	J	3658
12	E	3658
12	J	3661
3	J	3661
4	J	3661
1	J	3661
4	R	3661
3	J	3662
4	J	3662
1	J	3662
4	W	3664
3	J	3664
4	J	3664
1	J	3664
3	J	3665
4	J	3665
1	J	3665
3	J	3665
4	J	3665
1	J	3665
3	J	3666
4	J	3666
1	J	3666
3	J	3666
4	J	3666
1	J	3667
3	J	3667
4	J	3667
1	J	3667
3	J	3667
4	J	3667
1	J	3668
3	J	3668
4	J	3668
1	J	3668
3	J	3668
4	J	3668
1	J	3669
3	J	3669
4	J	3669
1	J	3669
3	J	3669
4	J	3669
1	J	3670
3	J	3670
4	J	3670
1	J	3670
3	J	3670
4	J	3671
1	J	3671
3	J	3671
4	J	3671
1	J	3671
3	J	3671
4	J	3672
1	J	3672
3	J	3672
4	J	3672
1	J	3672
3	J	3672
4	J	3673
1	J	3673
3	J	3673
4	J	3673
1	J	3673
3	J	3673
4	J	3674
1	J	3674
3	J	3674
4	J	3674
1	J	3674
3	J	3674
4	J	3675
1	J	3675
3	J	3675
4	J	3675
1	J	3675
3	J	3676
4	J	3676
1	J	3676
3	J	3676
4	J	3676
1	J	3676
3	J	3677
4	J	3677
1	J	3677
3	J	3677
4	J	3677
1	J	3677
3	J	3678
4	J	3678
1	J	3678
3	J	3678
4	J	3678
1	J	3678
3	J	3679
4	J	3679
1	J	3679
3	J	3679
4	J	3679
1	J	3679
3	J	3680
4	J	3680
1	J	3680
3	J	3680
4	J	3680
1	J	3680
3	J	3681
4	J	3681
1	J	3681
3	J	3681
4	J	3681
1	J	3682
3	J	3682
4	J	3682
1	J	3683
3	J	3683
4	J	3683
1	J	3683
3	J	3683
4	J	3683
1	J	3684
3	J	3684
4	J	3684
1	J	3684
3	J	3684
4	J	3684
1	J	3685
3	J	3685
4	J	3685
1	J	3685
3	J	3685
4	J	3685
1	J	3686
3	J	3686
4	J	3686
1	J	3686
3	J	3686
4	J	3687
1	J	3687
3	J	3687
4	J	3687
1	J	3687
3	J	3687
4	J	3688
1	J	3688
3	J	3688
4	J	3688
1	J	3688
3	J	3688
4	J	3689
1	J	3689
3	J	3689
4	J	3689
1	J	3689
3	J	3689
4	J	3690
1	J	3690
3	J	3690
4	J	3690
1	J	3690
3	J	3691
4	J	3691
1	J	3691
3	J	3691
4	J	3691
1	J	3691
3	J	3692
4	J	3692
1	J	3692
3	J	3692
4	J	3692
1	J	3692
3	J	3693
4	J	3693
1	J	3693
3	J	3693
4	J	3693
1	J	3693
3	J	3694
4	J	3694
1	J	3694
3	J	3694
4	J	3694
1	J	3694
3	J	3695
4	J	3695
1	J	3695
3	J	3695
4	J	3695
1	J	3695
3	J	3696
4	J	3696
1	J	3696
3	J	3696
4	J	3696
1	J	3696
3	J	3697
4	J	3697
1	J	3697
3	J	3697
4	J	3697
1	J	3698
3	J	3698
4	J	3698
1	J	3698
3	J	3698
4	J	3698
1	J	3699
3	J	3699
4	J	3699
1	J	3699
3	J	3699
4	J	3699
1	J	3700
3	J	3700
4	J	3700
1	J	3700
3	J	3700
4	J	3700
1	J	3701
3	J	3701
4	J	3701
1	J	3701
3	J	3701
4	J	3701
1	J	3702
3	J	3702
4	J	3703
1	J	3703
3	J	3703
4	J	3703
1	J	3703
3	J	3703
4	J	3704
1	J	3704
3	J	3704
4	J	3704
1	J	3704
3	J	3704
4	J	3705
1	J	3705
3	J	3705
4	J	3705
1	J	3705
3	J	3705
4	J	3706
1	J	3706
3	J	3706
4	J	3706
1	J	3706
3	J	3707
4	J	3707
1	J	3707
3	J	3707
4	J	3707
1	J	3707
3	J	3708
4	J	3708
1	J	3708
3	J	3708
4	J	3708
1	J	3708
3	J	3709
4	J	3709
1	J	3709
3	J	3709
4	J	3709
1	J	3709
3	J	3710
4	J	3710
1	J	3710
3	J	3710
4	J	3710
1	J	3710
3	J	3711
4	J	3711
1	J	3711
3	J	3711
4	J	3711
1	J	3711
3	J	3712
4	J	3712
1	J	3712
3	J	3712
4	J	3712
1	J	3712
3	J	3713
4	J	3713
1	J	3713
3	J	3713
4	J	3713
1	J	3714
3	J	3714
4	J	3714
1	J	3714
3	J	3714
4	J	3714
1	J	3715
3	J	3715
4	J	3715
1	J	3715
3	J	3715
4	J	3715
1	J	3716
3	J	3716
4	J	3716
1	J	3716
3	J	3716
4	J	3716
1	J	3717
3	J	3717
4	J	3717
1	J	3717
3	J	3717
4	J	3718
1	J	3718
3	J	3718
4	J	3718
1	J	3718
3	J	3718
4	J	3719
1	J	3719
3	J	3719
4	J	3719
1	J	3719
3	J	3719
4	J	3720
1	J	3720
3	J	3720
4	J	3720
1	J	3720
3	J	3720
4	J	3721
1	J	3721
3	J	3721
4	J	3721
1	J	3721
3	J	3722
4	J	3722
1	J	3722
3	J	3723
4	J	3723
1	J	3723
3	J	3723
4	J	3723
1	J	3723
3	J	3724
4	J	3724
1	J	3724
3	J	3724
4	J	3724
1	J	3724
3	J	3725
4	J	3725
1	J	3725
3	J	3725
4	J	3725
1	J	3725
3	J	3726
4	J	3726
1	J	3726
3	J	3726
4	J	3726
1	J	3726
3	J	3727
4	J	3727
1	J	3727
3	J	3727
4	J	3727
1	J	3727
3	J	3728
4	J	3728
1	J	3728
3	J	3728
4	J	3728
1	J	3729
3	J	3729
4	J	3729
1	J	3729
3	J	3729
4	J	3729
1	J	3730
3	J	3730
4	J	3730
1	J	3730
3	J	3730
4	J	3730
1	J	3731
3	J	3731
4	J	3731
1	J	3731
3	J	3731
4	J	3731
1	J	3732
3	J	3732
4	J	3732
1	J	3732
3	J	3732
4	J	3732
1	J	3733
3	J	3733
4	J	3733
1	J	3733
3	J	3733
4	J	3734
1	J	3734
3	J	3734
4	J	3734
1	J	3734
3	J	3734
4	J	3735
1	J	3735
3	J	3735
4	J	3735
1	J	3735
3	J	3735
4	J	3736
1	J	3736
3	J	3736
4	J	3736
1	J	3736
3	J	3736
4	J	3737
1	J	3737
3	J	3737
4	J	3737
1	J	3737
3	J	3738
4	J	3738
1	J	3738
3	J	3738
4	J	3738
1	J	3738
3	J	3739
4	J	3739
1	J	3739
3	J	3739
4	J	3739
1	J	3739
3	J	3740
4	J	3740
1	J	3740
3	J	3740
4	J	3740
1	J	3740
3	J	3741
4	J	3741
1	J	3741
3	J	3741
4	J	3741
1	J	3741
3	J	3742
4	J	3742
1	J	3742
3	J	3743
4	J	3743
1	J	3743
3	J	3743
4	J	3743
1	J	3743
3	J	3744
4	J	3744
1	J	3744
3	J	3744
4	J	3744
1	J	3745
3	J	3745
4	J	3745
1	J	3745
3	J	3745
4	J	3745
1	J	3746
3	J	3746
4	J	3746
1	J	3746
3	J	3746
4	J	3746
1	J	3747
3	J	3747
4	J	3747
1	J	3747
3	J	3747
4	J	3747
1	J	3748
3	J	3748
4	J	3748
1	J	3748
3	J	3748
4	J	3749
1	J	3749
3	J	3749
4	J	3749
1	J	3749
3	J	3749
4	J	3750
1	J	3750
3	J	3750
4	J	3750
1	J	3750
3	J	3750
4	J	3751
1	J	3751
3	J	3751
4	J	3751
1	J	3751
3	J	3751
4	J	3752
1	J	3752
3	J	3752
4	J	3752
1	J	3752
3	J	3753
4	J	3753
1	J	3753
3	J	3753
4	J	3753
1	J	3753
3	J	3754
4	J	3754
1	J	3754
3	J	3754
4	J	3754
1	J	3754
3	J	3755
4	J	3755
1	J	3755
3	J	3755
4	J	3755
1	J	3755
3	J	3756
4	J	3756
1	J	3756
3	J	3756
4	J	3756
1	J	3756
3	J	3757
4	J	3757
1	J	3757
3	J	3757
4	J	3757
1	J	3757
3	J	3758
4	J	3758
1	J	3758
3	J	3758
4	J	3758
1	J	3758
3	J	3759
4	J	3759
1	J	3759
3	J	3759
4	J	3759
1	J	3759
3	J	3760
4	J	3760
1	J	3760
3	J	3760
4	J	3760
1	J	3761
3	J	3761
4	J	3761
1	J	3761
3	J	3761
4	J	3761
1	J	3762
3	J	3762
4	J	3762
1	J	3763
3	J	3763
4	J	3763
1	J	3763
3	J	3763
4	J	3764
1	J	3764
3	J	3764
4	J	3764
1	J	3764
3	J	3764
4	J	3765
1	J	3765
3	J	3765
4	J	3765
1	J	3765
3	J	3765
4	J	3766
1	J	3766
3	J	3766
4	J	3766
1	J	3766
3	J	3766
4	J	3767
1	J	3767
3	J	3767
4	J	3767
1	J	3767
3	J	3767
4	J	3768
1	J	3768
3	J	3768
4	J	3768
1	J	3768
3	J	3769
4	J	3769
1	J	3769
3	J	3769
4	J	3769
1	J	3769
3	J	3770
4	J	3770
1	J	3770
3	J	3770
4	J	3770
1	J	3770
3	J	3771
4	J	3771
1	J	3771
3	J	3771
4	J	3771
1	J	3771
3	J	3772
4	J	3772
1	J	3772
3	J	3772
4	J	3772
1	J	3772
3	J	3773
4	J	3773
1	J	3773
3	J	3773
4	J	3773
1	J	3773
3	J	3774
4	J	3774
1	J	3774
3	J	3774
4	J	3774
1	J	3774
3	J	3775
4	J	3775
1	J	3775
3	J	3775
4	J	3775
1	J	3776
3	J	3776
4	J	3776
1	J	3776
3	J	3776
4	J	3776
1	J	3777
3	J	3777
4	J	3777
1	J	3777
3	J	3777
4	J	3777
1	J	3778
3	J	3778
4	J	3778
1	J	3778
3	J	3778
4	J	3778
1	J	3779
3	J	3779
4	J	3779
1	J	3779
3	J	3779
4	J	3780
1	J	3780
3	J	3780
4	J	3780
1	J	3780
3	J	3780
4	J	3781
1	J	3781
3	J	3781
4	J	3781
1	J	3781
3	J	3781
4	J	3782
1	J	3782
3	J	3782
4	J	3783
1	J	3783
3	J	3783
4	J	3783
1	J	3783
3	J	3784
4	J	3784
1	J	3784
3	J	3784
4	J	3784
1	J	3784
3	J	3785
4	J	3785
1	J	3785
3	J	3785
4	J	3785
1	J	3785
3	J	3786
4	J	3786
1	J	3786
3	J	3786
4	J	3786
1	J	3786
3	J	3787
4	J	3787
1	J	3787
3	J	3787
4	J	3787
1	J	3787
3	J	3788
4	J	3788
1	J	3788
3	J	3788
4	J	3788
1	J	3788
3	J	3789
4	J	3789
1	J	3789
3	J	3789
4	J	3789
1	J	3789
3	J	3790
4	J	3790
1	J	3790
3	J	3790
4	J	3790
1	J	3791
3	J	3791
4	J	3791
1	J	3791
3	J	3791
4	J	3791
1	J	3792
3	J	3792
4	J	3792
1	J	3792
3	J	3792
4	J	3792
1	J	3793
3	J	3793
4	J	3793
1	J	3793
3	J	3793
4	J	3793
1	J	3794
3	J	3794
4	J	3794
1	J	3794
3	J	3794
4	J	3794
1	J	3795
3	J	3795
4	J	3795
1	J	3795
3	J	3795
4	J	3796
1	J	3796
3	J	3796
4	J	3796
1	J	3796
3	J	3796
4	J	3797
1	J	3797
3	J	3797
4	J	3797
1	J	3797
3	J	3797
4	J	3798
1	J	3798
3	J	3798
4	J	3798
1	J	3798
3	J	3798
4	J	3799
1	J	3799
3	J	3799
4	J	3799
1	J	3799
3	J	3800
4	J	3800
1	J	3800
3	J	3800
4	J	3800
1	J	3800
3	J	3801
4	J	3801
1	J	3801
3	J	3801
4	J	3801
1	J	3801
3	J	3802
4	J	3802
1	J	3802
3	J	3802
4	J	3803
1	J	3803
3	J	3803
4	J	3803
1	J	3803
3	J	3804
4	J	3804
1	J	3804
3	J	3804
4	J	3804
1	J	3804
3	J	3805
4	J	3805
1	J	3805
3	J	3805
4	J	3805
1	J	3805
3	J	3806
4	J	3806
1	J	3806
3	J	3806
4	J	3806
1	J	3806
3	J	3807
4	J	3807
1	J	3807
3	J	3807
4	J	3807
1	J	3808
3	J	3808
4	J	3808
1	J	3808
3	J	3808
4	J	3808
1	J	3809
3	J	3809
4	J	3809
1	J	3809
3	J	3809
4	J	3809
1	J	3810
3	J	3810
4	J	3810
1	J	3810
3	J	3810
4	J	3810
1	J	3811
3	J	3811
4	J	3811
1	J	3811
3	J	3811
4	J	3811
1	J	3812
3	J	3812
4	J	3812
1	J	3812
3	J	3812
4	J	3813
1	J	3813
3	J	3813
4	J	3813
1	J	3813
3	J	3813
4	J	3814
1	J	3814
3	J	3814
4	J	3814
1	J	3814
3	J	3814
4	J	3815
1	J	3815
3	J	3815
4	J	3815
1	J	3815
3	J	3815
4	J	3816
1	J	3816
3	J	3816
4	J	3816
1	J	3816
3	J	3817
4	J	3817
1	J	3817
3	J	3817
4	J	3817
1	J	3817
3	J	3818
4	J	3818
1	J	3818
3	J	3818
4	J	3818
1	J	3818
3	J	3819
4	J	3819
1	J	3819
3	J	3819
4	J	3819
1	J	3819
3	J	3820
4	J	3820
1	J	3820
3	J	3820
4	J	3820
1	J	3820
3	J	3821
4	J	3821
1	J	3821
3	J	3821
4	J	3821
1	J	3821
3	J	3822
4	J	3822
1	J	3822
3	J	3823
4	J	3823
1	J	3823
3	J	3823
4	J	3823
1	J	3824
3	J	3824
4	J	3824
1	J	3824
3	J	3824
4	J	3824
1	J	3825
3	J	3825
4	J	3825
1	J	3825
3	J	3825
4	J	3825
1	J	3826
3	J	3826
4	J	3826
1	J	3826
3	J	3826
4	J	3826
1	J	3827
3	J	3827
4	J	3827
1	J	3827
3	J	3827
4	J	3828
1	J	3828
3	J	3828
4	J	3828
1	J	3828
3	J	3828
4	J	3829
1	J	3829
3	J	3829
4	J	3829
1	J	3829
3	J	3829
4	J	3830
1	J	3830
3	J	3830
4	J	3830
1	J	3830
3	J	3830
4	J	3831
1	J	3831
3	J	3831
4	J	3831
1	J	3831
3	J	3832
4	J	3832
1	J	3832
3	J	3832
4	J	3832
1	J	3832
3	J	3833
4	J	3833
1	J	3833
3	J	3833
4	J	3833
1	J	3833
3	J	3834
4	J	3834
1	J	3834
3	J	3834
4	J	3834
1	J	3834
3	J	3835
4	J	3835
1	J	3835
3	J	3835
4	J	3835
1	J	3835
3	J	3836
4	J	3836
1	J	3836
3	J	3836
4	J	3836
1	J	3836
3	J	3837
4	J	3837
1	J	3837
3	J	3837
4	J	3837
1	J	3837
3	J	3838
4	J	3838
1	J	3838
3	J	3838
4	J	3838
1	J	3838
3	J	3839
4	J	3839
1	J	3839
3	J	3839
4	J	3839
1	J	3840
3	J	3840
4	J	3840
1	J	3840
3	J	3840
4	J	3840
1	J	3841
3	J	3841
4	J	3841
1	J	3841
3	J	3841
4	J	3841
1	J	3842
3	J	3842
4	J	3842
1	J	3842
3	J	3843
4	J	3843
1	J	3843
3	J	3843
4	J	3844
1	J	3844
3	J	3844
4	J	3844
1	J	3844
3	J	3844
4	J	3845
1	J	3845
3	J	3845
4	J	3845
1	J	3845
3	J	3845
4	J	3846
1	J	3846
3	J	3846
4	J	3846
1	J	3846
3	J	3846
4	J	3847
1	J	3847
3	J	3847
4	J	3847
1	J	3847
3	J	3848
4	J	3848
1	J	3848
3	J	3848
4	J	3848
1	J	3848
3	J	3849
4	J	3849
1	J	3849
3	J	3849
4	J	3849
1	J	3849
3	J	3850
4	J	3850
1	J	3850
3	J	3850
4	J	3850
1	J	3850
3	J	3851
4	J	3851
1	J	3851
3	J	3851
4	J	3851
1	J	3851
3	J	3852
4	J	3852
1	J	3852
3	J	3852
4	J	3852
1	J	3852
3	J	3853
4	J	3853
1	J	3853
3	J	3853
4	J	3853
1	J	3853
3	J	3854
4	J	3854
1	J	3854
3	J	3854
4	J	3854
1	J	3855
3	J	3855
4	J	3855
1	J	3855
3	J	3855
4	J	3855
1	J	3856
3	J	3856
4	J	3856
1	J	3856
3	J	3856
4	J	3856
1	J	3857
3	J	3857
4	J	3857
1	J	3857
3	J	3857
4	J	3857
1	J	3858
3	J	3858
4	J	3858
1	J	3858
3	J	3858
4	J	3859
1	J	3859
3	J	3859
4	J	3859
1	J	3859
3	J	3859
4	J	3860
1	J	3860
3	J	3860
4	J	3860
1	J	3860
3	J	3860
4	J	3861
1	J	3861
3	J	3861
4	J	3861
1	J	3861
3	J	3861
4	J	3862
1	J	3862
3	J	3862
4	J	3862
1	J	3862
3	J	3863
4	J	3863
1	J	3863
3	J	3864
4	J	3864
1	J	3864
3	J	3864
4	J	3864
1	J	3864
3	J	3865
4	J	3865
1	J	3865
3	J	3865
4	J	3865
1	J	3865
3	J	3866
4	J	3866
1	J	3866
3	J	3866
4	J	3866
1	J	3866
3	J	3867
4	J	3867
1	J	3867
3	J	3867
4	J	3867
1	J	3867
3	J	3868
4	J	3868
1	J	3868
3	J	3868
4	J	3868
1	J	3868
3	J	3869
4	J	3869
1	J	3869
3	J	3869
4	J	3869
1	J	3870
3	J	3870
4	J	3870
1	J	3870
3	J	3870
4	J	3870
1	J	3871
3	J	3871
4	J	3871
1	J	3871
3	J	3871
4	J	3871
1	J	3872
3	J	3872
4	J	3872
1	J	3872
3	J	3872
4	J	3872
1	J	3873
3	J	3873
4	J	3873
1	J	3873
3	J	3873
4	J	3873
1	J	3874
3	J	3874
4	J	3874
1	J	3874
3	J	3874
4	J	3875
1	J	3875
3	J	3875
4	J	3875
1	J	3875
3	J	3875
4	J	3876
1	J	3876
3	J	3876
4	J	3876
1	J	3876
3	J	3876
4	J	3877
1	J	3877
3	J	3877
4	J	3877
1	J	3877
3	J	3877
4	J	3878
1	J	3878
3	J	3878
4	J	3878
1	J	3878
3	J	3879
4	J	3879
1	J	3879
3	J	3879
4	J	3879
1	J	3879
3	J	3880
4	J	3880
1	J	3880
3	J	3880
4	J	3880
1	J	3880
3	J	3881
4	J	3881
1	J	3881
3	J	3881
4	J	3881
1	J	3881
3	J	3882
4	J	3882
1	J	3882
3	J	3882
4	J	3882
1	J	3882
3	J	3883
4	J	3883
1	J	3883
3	J	3884
4	J	3884
1	J	3884
3	J	3884
4	J	3884
1	J	3884
3	J	3885
4	J	3885
1	J	3885
3	J	3885
4	J	3885
1	J	3886
3	J	3886
4	J	3886
1	J	3886
3	J	3886
4	J	3886
1	J	3887
3	J	3887
4	J	3887
1	J	3887
3	J	3887
4	J	3887
1	J	3888
3	J	3888
4	J	3888
1	J	3888
3	J	3888
4	J	3888
1	J	3889
3	J	3889
4	J	3889
1	J	3889
3	J	3889
4	J	3890
1	J	3890
3	J	3890
4	J	3890
1	J	3890
3	J	3890
4	J	3891
1	J	3891
3	J	3891
4	J	3891
1	J	3891
3	J	3891
4	J	3892
1	J	3892
3	J	3892
4	J	3892
1	J	3892
3	J	3892
4	J	3893
1	J	3893
3	J	3893
4	J	3893
1	J	3893
3	J	3894
4	J	3894
1	J	3894
3	J	3894
4	J	3894
1	J	3894
3	J	3895
4	J	3895
1	J	3895
3	J	3895
4	J	3895
1	J	3895
3	J	3896
4	J	3896
1	J	3896
3	J	3896
4	J	3896
1	J	3896
3	J	3897
4	J	3897
1	J	3897
3	J	3897
4	J	3897
1	J	3897
3	J	3898
4	J	3898
1	J	3898
3	J	3898
4	J	3898
1	J	3898
3	J	3899
4	J	3899
1	J	3899
3	J	3899
4	J	3899
1	J	3899
3	J	3900
4	J	3900
1	J	3900
3	J	3900
4	J	3900
1	J	3901
3	J	3901
4	J	3901
1	J	3901
3	J	3901
4	J	3901
1	J	3902
3	J	3902
4	J	3902
1	J	3902
3	J	3902
4	J	3902
1	J	3903
3	J	3903
4	J	3903
1	J	3904
3	J	3904
4	J	3904
1	J	3904
3	J	3904
4	J	3905
1	J	3905
3	J	3905
4	J	3905
1	J	3905
3	J	3905
4	J	3906
1	J	3906
3	J	3906
4	J	3906
1	J	3906
3	J	3906
4	J	3907
1	J	3907
3	J	3907
4	J	3907
1	J	3907
3	J	3907
4	J	3908
1	J	3908
3	J	3908
4	J	3908
1	J	3908
3	J	3908
4	J	3909
1	J	3909
3	J	3909
4	J	3909
1	J	3909
3	J	3910
4	J	3910
1	J	3910
3	J	3910
4	J	3910
1	J	3910
3	J	3911
4	J	3911
1	J	3911
3	J	3911
4	J	3911
1	J	3911
3	J	3912
4	J	3912
1	J	3912
3	J	3912
4	J	3912
1	J	3912
3	J	3913
4	J	3913
1	J	3913
3	J	3913
4	J	3913
1	J	3913
3	J	3914
4	J	3914
1	J	3914
3	J	3914
4	J	3914
1	J	3914
3	J	3915
4	J	3915
1	J	3915
3	J	3915
4	J	3915
1	J	3915
3	J	3916
4	J	3916
1	J	3916
3	J	3916
4	J	3916
1	J	3917
3	J	3917
4	J	3917
1	J	3917
3	J	3917
4	J	3917
1	J	3918
3	J	3918
4	J	3918
1	J	3918
3	J	3918
4	J	3918
1	J	3919
3	J	3919
4	J	3919
1	J	3919
3	J	3919
4	J	3919
1	J	3920
3	J	3920
4	J	3920
1	J	3920
3	J	3920
4	J	3921
1	J	3921
3	J	3921
4	J	3921
1	J	3921
4	J	3922
4	J	3922
1	J	3922
4	R	3922
4	W	3922
3	J	3923
4	J	3923
1	J	3923
3	J	3924
4	J	3924
1	J	3924
3	J	3924
4	J	3924
1	J	3924
3	J	3925
4	J	3925
1	J	3925
3	J	3925
4	J	3925
1	J	3925
3	J	3926
4	J	3926
1	J	3926
3	J	3926
4	J	3926
1	J	3926
3	J	3927
4	J	3927
1	J	3927
3	J	3927
4	J	3927
1	J	3927
3	J	3928
4	J	3928
1	J	3928
3	J	3928
4	J	3928
1	J	3929
3	J	3929
4	J	3929
1	J	3929
3	J	3929
4	J	3929
1	J	3930
3	J	3930
4	J	3930
1	J	3930
3	J	3930
4	J	3930
1	J	3931
3	J	3931
4	J	3931
1	J	3931
3	J	3931
4	J	3931
1	J	3932
3	J	3932
4	J	3932
1	J	3932
4	J	3933
4	J	3933
1	J	3933
4	R	3933
4	W	3933
3	J	3934
4	J	3934
1	J	3934
3	J	3934
4	J	3934
1	J	3934
3	J	3935
4	J	3935
1	J	3935
3	J	3935
4	J	3935
1	J	3935
4	R	3936
4	W	3936
3	J	3936
4	J	3936
1	J	3936
3	J	3937
4	J	3937
1	J	3937
3	J	3937
4	J	3937
1	J	3937
3	J	3938
4	J	3938
1	J	3938
3	J	3938
4	J	3938
1	J	3938
3	J	3939
4	J	3939
1	J	3939
3	J	3939
4	J	3939
1	J	3939
3	J	3940
4	J	3940
1	J	3940
4	J	3940
3	J	3940
4	J	3940
1	J	3941
4	R	3941
4	W	3941
3	J	3941
4	J	3941
1	J	3941
3	J	3942
4	J	3942
1	J	3942
3	J	3942
4	J	3942
1	J	3942
3	J	3943
4	J	3943
1	J	3943
3	J	3943
4	J	3943
1	J	3944
3	J	3944
4	J	3944
1	J	3944
3	J	3945
4	J	3945
1	J	3945
3	J	3945
4	J	3945
1	J	3945
3	J	3946
4	J	3946
1	J	3946
3	J	3946
4	J	3946
1	J	3947
3	J	3947
4	J	3947
1	J	3947
3	J	3947
4	J	3947
1	J	3948
3	J	3948
4	J	3948
1	J	3948
3	J	3948
4	J	3948
1	J	3949
3	J	3949
4	J	3949
1	J	3949
3	J	3949
4	J	3949
1	J	3950
3	J	3950
4	J	3950
1	J	3950
3	J	3950
4	J	3951
1	J	3951
3	J	3951
4	J	3951
4	J	3951
1	J	3951
4	R	3952
4	W	3952
3	J	3952
4	J	3952
1	J	3952
3	J	3953
4	J	3953
1	J	3953
3	J	3953
4	J	3953
1	J	3953
3	J	3954
4	J	3954
1	J	3954
3	J	3954
4	J	3954
1	J	3954
3	J	3955
4	J	3955
1	J	3955
3	J	3955
4	J	3955
1	J	3955
3	J	3956
4	J	3956
1	J	3956
3	J	3956
4	J	3956
1	J	3956
3	J	3957
4	J	3957
1	J	3957
3	J	3957
4	J	3957
1	J	3957
3	J	3958
4	J	3958
1	J	3958
3	J	3958
4	J	3958
1	J	3959
3	J	3959
4	J	3959
1	J	3959
4	J	3959
4	J	3960
1	J	3960
4	R	3960
4	W	3960
4	J	3960
3	J	3960
4	J	3960
1	J	3961
4	W	3961
3	J	3961
4	J	3961
1	J	3961
3	J	3962
4	J	3962
1	J	3962
3	J	3962
4	J	3962
1	J	3963
3	J	3963
4	J	3963
1	J	3963
3	J	3963
4	J	3963
1	J	3964
3	J	3964
4	J	3964
1	J	3965
3	J	3965
4	J	3965
1	J	3965
3	J	3965
4	J	3965
1	J	3966
3	J	3966
4	J	3966
1	J	3966
3	J	3966
4	J	3967
1	J	3967
3	J	3967
4	J	3967
1	J	3967
3	J	3967
4	J	3968
1	J	3968
3	J	3968
4	J	3968
1	J	3968
3	J	3968
4	J	3969
1	J	3969
3	J	3969
4	J	3969
1	J	3969
3	J	3969
4	J	3970
1	J	3970
3	J	3970
4	J	3970
1	J	3970
4	J	3971
3	J	3971
4	J	3971
1	J	3971
4	R	3971
4	W	3971
3	J	3971
4	J	3972
1	J	3972
3	J	3972
4	J	3972
1	J	3972
3	J	3972
4	J	3973
1	J	3973
3	J	3973
4	J	3973
1	J	3973
3	J	3974
4	J	3974
1	J	3974
3	J	3974
4	J	3974
1	J	3974
3	J	3975
4	J	3975
1	J	3975
3	J	3975
4	J	3975
1	J	3975
3	J	3976
4	J	3976
1	J	3976
3	J	3976
4	J	3976
1	J	3976
3	J	3977
4	J	3977
1	J	3977
3	J	3977
4	J	3977
1	J	3977
3	J	3978
4	J	3978
1	J	3978
3	J	3978
4	J	3978
1	J	3978
3	J	3979
4	J	3979
1	J	3979
3	J	3979
4	J	3979
1	J	3979
3	J	3980
4	J	3980
1	J	3980
3	J	3980
4	J	3980
1	J	3981
3	J	3981
4	J	3981
1	J	3981
3	J	3981
4	J	3981
1	J	3982
3	J	3982
4	J	3982
1	J	3982
3	J	3982
4	J	3982
1	J	3983
3	J	3983
4	J	3983
1	J	3983
3	J	3983
4	J	3983
1	J	3984
3	J	3984
4	J	3984
1	J	3985
3	J	3985
4	J	3985
1	J	3985
3	J	3985
4	J	3986
1	J	3986
3	J	3986
4	J	3986
1	J	3986
3	J	3986
4	J	3987
1	J	3987
3	J	3987
4	J	3987
1	J	3987
3	J	3987
4	J	3988
1	J	3988
3	J	3988
4	J	3988
1	J	3988
3	J	3988
4	J	3989
1	J	3989
3	J	3989
4	J	3989
1	J	3989
3	J	3989
4	J	3990
1	J	3990
3	J	3990
4	J	3990
1	J	3990
3	J	3991
4	J	3991
1	J	3991
3	J	3991
4	J	3991
1	J	3991
3	J	3992
4	J	3992
1	J	3992
3	J	3992
4	J	3992
1	J	3992
3	J	3993
4	J	3993
1	J	3993
3	J	3993
4	J	3993
1	J	3993
3	J	3994
4	J	3994
1	J	3994
3	J	3994
4	J	3994
1	J	3994
3	J	3995
4	J	3995
1	J	3995
3	J	3995
4	J	3995
1	J	3995
3	J	3996
4	J	3996
1	J	3996
3	J	3996
4	J	3996
1	J	3996
3	J	3997
4	J	3997
1	J	3997
3	J	3997
4	J	3997
1	J	3998
3	J	3998
4	J	3998
1	J	3998
3	J	3998
4	J	3998
1	J	3999
3	J	3999
4	J	3999
1	J	3999
3	J	3999
4	J	3999
1	J	4000
3	J	4000
4	J	4000
1	J	4000
3	J	4000
4	J	4000
1	J	4001
3	J	4001
4	J	4001
1	J	4001
3	J	4001
4	J	4002
1	J	4002
3	J	4002
4	J	4002
1	J	4002
3	J	4002
4	J	4003
1	J	4003
3	J	4003
4	J	4003
1	J	4003
3	J	4003
4	J	4004
1	J	4004
3	J	4004
4	J	4005
1	J	4005
3	J	4005
4	J	4005
1	J	4005
3	J	4006
4	J	4006
1	J	4006
3	J	4006
4	J	4006
1	J	4006
3	J	4007
4	J	4007
1	J	4007
3	J	4007
4	J	4007
1	J	4007
3	J	4008
4	J	4008
1	J	4008
3	J	4008
4	J	4008
1	J	4008
3	J	4009
4	J	4009
1	J	4009
3	J	4009
4	J	4009
1	J	4009
3	J	4010
4	J	4010
1	J	4010
3	J	4010
4	J	4010
1	J	4010
3	J	4011
4	J	4011
1	J	4011
3	J	4011
4	J	4011
1	J	4011
3	J	4012
4	J	4012
1	J	4012
3	J	4012
4	J	4012
1	J	4013
3	J	4013
4	J	4013
1	J	4013
3	J	4013
4	J	4013
1	J	4014
3	J	4014
4	J	4014
1	J	4014
3	J	4014
4	J	4014
1	J	4015
3	J	4015
4	J	4015
1	J	4015
3	J	4015
4	J	4015
1	J	4016
3	J	4016
4	J	4016
1	J	4016
3	J	4016
4	J	4016
1	J	4017
3	J	4017
4	J	4017
1	J	4017
3	J	4017
4	J	4018
4	J	4018
4	R	4018
13	N	4023
13	J	4026
4	W	4028
13	J	4028
3	J	4028
4	J	4028
1	J	4028
13	R	4029
13	W	4030
13	J	4030
13	J	4030
3	J	4030
4	J	4030
1	J	4030
